{"total": {"lines":{"total":5889,"covered":1661,"skipped":0,"pct":28.2},"statements":{"total":5889,"covered":1661,"skipped":0,"pct":28.2},"functions":{"total":324,"covered":141,"skipped":0,"pct":43.51},"branches":{"total":574,"covered":385,"skipped":0,"pct":67.07},"branchesTrue":{"total":0,"covered":0,"skipped":0,"pct":100}}
,"F:\\Sources\\Calcul8\\apps\\api\\src\\index.ts": {"lines":{"total":9,"covered":0,"skipped":0,"pct":0},"functions":{"total":1,"covered":0,"skipped":0,"pct":0},"statements":{"total":9,"covered":0,"skipped":0,"pct":0},"branches":{"total":1,"covered":0,"skipped":0,"pct":0}}
,"F:\\Sources\\Calcul8\\apps\\api\\src\\types.ts": {"lines":{"total":0,"covered":0,"skipped":0,"pct":100},"functions":{"total":1,"covered":1,"skipped":0,"pct":100},"statements":{"total":0,"covered":0,"skipped":0,"pct":100},"branches":{"total":1,"covered":1,"skipped":0,"pct":100}}
,"F:\\Sources\\Calcul8\\apps\\api\\src\\functions\\accountDelete.ts": {"lines":{"total":36,"covered":0,"skipped":0,"pct":0},"functions":{"total":1,"covered":0,"skipped":0,"pct":0},"statements":{"total":36,"covered":0,"skipped":0,"pct":0},"branches":{"total":1,"covered":0,"skipped":0,"pct":0}}
,"F:\\Sources\\Calcul8\\apps\\api\\src\\functions\\accountExport.ts": {"lines":{"total":38,"covered":0,"skipped":0,"pct":0},"functions":{"total":1,"covered":0,"skipped":0,"pct":0},"statements":{"total":38,"covered":0,"skipped":0,"pct":0},"branches":{"total":1,"covered":0,"skipped":0,"pct":0}}
,"F:\\Sources\\Calcul8\\apps\\api\\src\\functions\\entitlementsMe.ts": {"lines":{"total":51,"covered":0,"skipped":0,"pct":0},"functions":{"total":1,"covered":0,"skipped":0,"pct":0},"statements":{"total":51,"covered":0,"skipped":0,"pct":0},"branches":{"total":1,"covered":0,"skipped":0,"pct":0}}
,"F:\\Sources\\Calcul8\\apps\\api\\src\\functions\\entitlementsVerify.ts": {"lines":{"total":35,"covered":0,"skipped":0,"pct":0},"functions":{"total":1,"covered":0,"skipped":0,"pct":0},"statements":{"total":35,"covered":0,"skipped":0,"pct":0},"branches":{"total":1,"covered":0,"skipped":0,"pct":0}}
,"F:\\Sources\\Calcul8\\apps\\api\\src\\functions\\entitlementsVerifyPlay.ts": {"lines":{"total":209,"covered":0,"skipped":0,"pct":0},"functions":{"total":1,"covered":0,"skipped":0,"pct":0},"statements":{"total":209,"covered":0,"skipped":0,"pct":0},"branches":{"total":1,"covered":0,"skipped":0,"pct":0}}
,"F:\\Sources\\Calcul8\\apps\\api\\src\\functions\\migrationRun.ts": {"lines":{"total":82,"covered":0,"skipped":0,"pct":0},"functions":{"total":1,"covered":0,"skipped":0,"pct":0},"statements":{"total":82,"covered":0,"skipped":0,"pct":0},"branches":{"total":1,"covered":0,"skipped":0,"pct":0}}
,"F:\\Sources\\Calcul8\\apps\\api\\src\\functions\\migrationRunsList.ts": {"lines":{"total":67,"covered":0,"skipped":0,"pct":0},"functions":{"total":1,"covered":0,"skipped":0,"pct":0},"statements":{"total":67,"covered":0,"skipped":0,"pct":0},"branches":{"total":1,"covered":0,"skipped":0,"pct":0}}
,"F:\\Sources\\Calcul8\\apps\\api\\src\\functions\\purchaseVerifiers.ts": {"lines":{"total":11,"covered":0,"skipped":0,"pct":0},"functions":{"total":1,"covered":1,"skipped":0,"pct":100},"statements":{"total":11,"covered":0,"skipped":0,"pct":0},"branches":{"total":1,"covered":1,"skipped":0,"pct":100}}
,"F:\\Sources\\Calcul8\\apps\\api\\src\\functions\\syncPull.ts": {"lines":{"total":36,"covered":0,"skipped":0,"pct":0},"functions":{"total":1,"covered":0,"skipped":0,"pct":0},"statements":{"total":36,"covered":0,"skipped":0,"pct":0},"branches":{"total":1,"covered":0,"skipped":0,"pct":0}}
,"F:\\Sources\\Calcul8\\apps\\api\\src\\functions\\syncPush.ts": {"lines":{"total":114,"covered":0,"skipped":0,"pct":0},"functions":{"total":1,"covered":0,"skipped":0,"pct":0},"statements":{"total":114,"covered":0,"skipped":0,"pct":0},"branches":{"total":1,"covered":0,"skipped":0,"pct":0}}
,"F:\\Sources\\Calcul8\\apps\\api\\src\\lib\\auth.ts": {"lines":{"total":56,"covered":56,"skipped":0,"pct":100},"functions":{"total":5,"covered":5,"skipped":0,"pct":100},"statements":{"total":56,"covered":56,"skipped":0,"pct":100},"branches":{"total":19,"covered":17,"skipped":0,"pct":89.47}}
,"F:\\Sources\\Calcul8\\apps\\api\\src\\lib\\config.ts": {"lines":{"total":55,"covered":55,"skipped":0,"pct":100},"functions":{"total":7,"covered":7,"skipped":0,"pct":100},"statements":{"total":55,"covered":55,"skipped":0,"pct":100},"branches":{"total":27,"covered":26,"skipped":0,"pct":96.29}}
,"F:\\Sources\\Calcul8\\apps\\api\\src\\lib\\cosmos.ts": {"lines":{"total":529,"covered":6,"skipped":0,"pct":1.13},"functions":{"total":35,"covered":0,"skipped":0,"pct":0},"statements":{"total":529,"covered":6,"skipped":0,"pct":1.13},"branches":{"total":0,"covered":0,"skipped":0,"pct":100}}
,"F:\\Sources\\Calcul8\\apps\\api\\src\\lib\\entitlements.ts": {"lines":{"total":0,"covered":0,"skipped":0,"pct":100},"functions":{"total":1,"covered":1,"skipped":0,"pct":100},"statements":{"total":0,"covered":0,"skipped":0,"pct":100},"branches":{"total":1,"covered":1,"skipped":0,"pct":100}}
,"F:\\Sources\\Calcul8\\apps\\api\\src\\lib\\googlePlay.ts": {"lines":{"total":253,"covered":71,"skipped":0,"pct":28.06},"functions":{"total":13,"covered":6,"skipped":0,"pct":46.15},"statements":{"total":253,"covered":71,"skipped":0,"pct":28.06},"branches":{"total":39,"covered":29,"skipped":0,"pct":74.35}}
,"F:\\Sources\\Calcul8\\apps\\api\\src\\lib\\http.ts": {"lines":{"total":65,"covered":0,"skipped":0,"pct":0},"functions":{"total":1,"covered":1,"skipped":0,"pct":100},"statements":{"total":65,"covered":0,"skipped":0,"pct":0},"branches":{"total":1,"covered":1,"skipped":0,"pct":100}}
,"F:\\Sources\\Calcul8\\apps\\api\\src\\lib\\playEntitlements.ts": {"lines":{"total":31,"covered":29,"skipped":0,"pct":93.54},"functions":{"total":4,"covered":4,"skipped":0,"pct":100},"statements":{"total":31,"covered":29,"skipped":0,"pct":93.54},"branches":{"total":13,"covered":12,"skipped":0,"pct":92.3}}
,"F:\\Sources\\Calcul8\\apps\\api\\src\\lib\\retry.ts": {"lines":{"total":66,"covered":34,"skipped":0,"pct":51.51},"functions":{"total":5,"covered":2,"skipped":0,"pct":40},"statements":{"total":66,"covered":34,"skipped":0,"pct":51.51},"branches":{"total":6,"covered":2,"skipped":0,"pct":33.33}}
,"F:\\Sources\\Calcul8\\apps\\api\\src\\lib\\syncDiff.ts": {"lines":{"total":33,"covered":33,"skipped":0,"pct":100},"functions":{"total":2,"covered":2,"skipped":0,"pct":100},"statements":{"total":33,"covered":33,"skipped":0,"pct":100},"branches":{"total":11,"covered":11,"skipped":0,"pct":100}}
,"F:\\Sources\\Calcul8\\apps\\api\\src\\lib\\syncSafety.ts": {"lines":{"total":26,"covered":26,"skipped":0,"pct":100},"functions":{"total":4,"covered":4,"skipped":0,"pct":100},"statements":{"total":26,"covered":26,"skipped":0,"pct":100},"branches":{"total":11,"covered":11,"skipped":0,"pct":100}}
,"F:\\Sources\\Calcul8\\apps\\api\\src\\lib\\syncShape.ts": {"lines":{"total":34,"covered":32,"skipped":0,"pct":94.11},"functions":{"total":6,"covered":6,"skipped":0,"pct":100},"statements":{"total":34,"covered":32,"skipped":0,"pct":94.11},"branches":{"total":13,"covered":11,"skipped":0,"pct":84.61}}
,"F:\\Sources\\Calcul8\\apps\\api\\src\\lib\\migrations\\adminAuth.ts": {"lines":{"total":22,"covered":0,"skipped":0,"pct":0},"functions":{"total":1,"covered":1,"skipped":0,"pct":100},"statements":{"total":22,"covered":0,"skipped":0,"pct":0},"branches":{"total":1,"covered":1,"skipped":0,"pct":100}}
,"F:\\Sources\\Calcul8\\apps\\api\\src\\lib\\migrations\\registry.ts": {"lines":{"total":5,"covered":5,"skipped":0,"pct":100},"functions":{"total":1,"covered":1,"skipped":0,"pct":100},"statements":{"total":5,"covered":5,"skipped":0,"pct":100},"branches":{"total":3,"covered":3,"skipped":0,"pct":100}}
,"F:\\Sources\\Calcul8\\apps\\api\\src\\lib\\migrations\\runner.ts": {"lines":{"total":69,"covered":54,"skipped":0,"pct":78.26},"functions":{"total":4,"covered":3,"skipped":0,"pct":75},"statements":{"total":69,"covered":54,"skipped":0,"pct":78.26},"branches":{"total":7,"covered":5,"skipped":0,"pct":71.42}}
,"F:\\Sources\\Calcul8\\apps\\api\\src\\lib\\migrations\\types.ts": {"lines":{"total":0,"covered":0,"skipped":0,"pct":100},"functions":{"total":1,"covered":1,"skipped":0,"pct":100},"statements":{"total":0,"covered":0,"skipped":0,"pct":100},"branches":{"total":1,"covered":1,"skipped":0,"pct":100}}
,"F:\\Sources\\Calcul8\\apps\\api\\src\\lib\\migrations\\definitions\\firstMigration.ts": {"lines":{"total":41,"covered":41,"skipped":0,"pct":100},"functions":{"total":3,"covered":3,"skipped":0,"pct":100},"statements":{"total":41,"covered":41,"skipped":0,"pct":100},"branches":{"total":4,"covered":3,"skipped":0,"pct":75}}
,"F:\\Sources\\Calcul8\\src\\app.ts": {"lines":{"total":32,"covered":0,"skipped":0,"pct":0},"functions":{"total":1,"covered":0,"skipped":0,"pct":0},"statements":{"total":32,"covered":0,"skipped":0,"pct":0},"branches":{"total":1,"covered":0,"skipped":0,"pct":0}}
,"F:\\Sources\\Calcul8\\src\\constants.ts": {"lines":{"total":28,"covered":28,"skipped":0,"pct":100},"functions":{"total":0,"covered":0,"skipped":0,"pct":100},"statements":{"total":28,"covered":28,"skipped":0,"pct":100},"branches":{"total":1,"covered":0,"skipped":0,"pct":0}}
,"F:\\Sources\\Calcul8\\src\\main.ts": {"lines":{"total":40,"covered":0,"skipped":0,"pct":0},"functions":{"total":1,"covered":0,"skipped":0,"pct":0},"statements":{"total":40,"covered":0,"skipped":0,"pct":0},"branches":{"total":1,"covered":0,"skipped":0,"pct":0}}
,"F:\\Sources\\Calcul8\\src\\vuetify.ts": {"lines":{"total":34,"covered":0,"skipped":0,"pct":0},"functions":{"total":1,"covered":0,"skipped":0,"pct":0},"statements":{"total":34,"covered":0,"skipped":0,"pct":0},"branches":{"total":1,"covered":0,"skipped":0,"pct":0}}
,"F:\\Sources\\Calcul8\\src\\app-core\\computed.ts": {"lines":{"total":252,"covered":91,"skipped":0,"pct":36.11},"functions":{"total":42,"covered":7,"skipped":0,"pct":16.66},"statements":{"total":252,"covered":91,"skipped":0,"pct":36.11},"branches":{"total":26,"covered":20,"skipped":0,"pct":76.92}}
,"F:\\Sources\\Calcul8\\src\\app-core\\context.ts": {"lines":{"total":0,"covered":0,"skipped":0,"pct":100},"functions":{"total":1,"covered":1,"skipped":0,"pct":100},"statements":{"total":0,"covered":0,"skipped":0,"pct":100},"branches":{"total":1,"covered":1,"skipped":0,"pct":100}}
,"F:\\Sources\\Calcul8\\src\\app-core\\lifecycle.ts": {"lines":{"total":77,"covered":0,"skipped":0,"pct":0},"functions":{"total":1,"covered":1,"skipped":0,"pct":100},"statements":{"total":77,"covered":0,"skipped":0,"pct":0},"branches":{"total":1,"covered":1,"skipped":0,"pct":100}}
,"F:\\Sources\\Calcul8\\src\\app-core\\state.ts": {"lines":{"total":99,"covered":0,"skipped":0,"pct":0},"functions":{"total":1,"covered":0,"skipped":0,"pct":0},"statements":{"total":99,"covered":0,"skipped":0,"pct":0},"branches":{"total":1,"covered":0,"skipped":0,"pct":0}}
,"F:\\Sources\\Calcul8\\src\\app-core\\storageKeys.ts": {"lines":{"total":144,"covered":92,"skipped":0,"pct":63.88},"functions":{"total":12,"covered":9,"skipped":0,"pct":75},"statements":{"total":144,"covered":92,"skipped":0,"pct":63.88},"branches":{"total":27,"covered":15,"skipped":0,"pct":55.55}}
,"F:\\Sources\\Calcul8\\src\\app-core\\watch.ts": {"lines":{"total":85,"covered":54,"skipped":0,"pct":63.52},"functions":{"total":7,"covered":3,"skipped":0,"pct":42.85},"statements":{"total":85,"covered":54,"skipped":0,"pct":63.52},"branches":{"total":11,"covered":8,"skipped":0,"pct":72.72}}
,"F:\\Sources\\Calcul8\\src\\app-core\\methods\\config-io.ts": {"lines":{"total":205,"covered":11,"skipped":0,"pct":5.36},"functions":{"total":10,"covered":0,"skipped":0,"pct":0},"statements":{"total":205,"covered":11,"skipped":0,"pct":5.36},"branches":{"total":0,"covered":0,"skipped":0,"pct":100}}
,"F:\\Sources\\Calcul8\\src\\app-core\\methods\\config-lots.ts": {"lines":{"total":174,"covered":105,"skipped":0,"pct":60.34},"functions":{"total":8,"covered":5,"skipped":0,"pct":62.5},"statements":{"total":174,"covered":105,"skipped":0,"pct":60.34},"branches":{"total":53,"covered":19,"skipped":0,"pct":35.84}}
,"F:\\Sources\\Calcul8\\src\\app-core\\methods\\config-pricing.ts": {"lines":{"total":73,"covered":33,"skipped":0,"pct":45.2},"functions":{"total":5,"covered":2,"skipped":0,"pct":40},"statements":{"total":73,"covered":33,"skipped":0,"pct":45.2},"branches":{"total":3,"covered":3,"skipped":0,"pct":100}}
,"F:\\Sources\\Calcul8\\src\\app-core\\methods\\config-shared.ts": {"lines":{"total":27,"covered":17,"skipped":0,"pct":62.96},"functions":{"total":5,"covered":4,"skipped":0,"pct":80},"statements":{"total":27,"covered":17,"skipped":0,"pct":62.96},"branches":{"total":6,"covered":4,"skipped":0,"pct":66.66}}
,"F:\\Sources\\Calcul8\\src\\app-core\\methods\\config-storage.ts": {"lines":{"total":122,"covered":29,"skipped":0,"pct":23.77},"functions":{"total":9,"covered":2,"skipped":0,"pct":22.22},"statements":{"total":122,"covered":29,"skipped":0,"pct":23.77},"branches":{"total":5,"covered":3,"skipped":0,"pct":60}}
,"F:\\Sources\\Calcul8\\src\\app-core\\methods\\config.ts": {"lines":{"total":10,"covered":10,"skipped":0,"pct":100},"functions":{"total":0,"covered":0,"skipped":0,"pct":100},"statements":{"total":10,"covered":10,"skipped":0,"pct":100},"branches":{"total":0,"covered":0,"skipped":0,"pct":100}}
,"F:\\Sources\\Calcul8\\src\\app-core\\methods\\index.ts": {"lines":{"total":10,"covered":0,"skipped":0,"pct":0},"functions":{"total":1,"covered":1,"skipped":0,"pct":100},"statements":{"total":10,"covered":0,"skipped":0,"pct":0},"branches":{"total":1,"covered":1,"skipped":0,"pct":100}}
,"F:\\Sources\\Calcul8\\src\\app-core\\methods\\pwa.ts": {"lines":{"total":117,"covered":0,"skipped":0,"pct":0},"functions":{"total":1,"covered":0,"skipped":0,"pct":0},"statements":{"total":117,"covered":0,"skipped":0,"pct":0},"branches":{"total":1,"covered":0,"skipped":0,"pct":0}}
,"F:\\Sources\\Calcul8\\src\\app-core\\methods\\sales.ts": {"lines":{"total":540,"covered":141,"skipped":0,"pct":26.11},"functions":{"total":22,"covered":12,"skipped":0,"pct":54.54},"statements":{"total":540,"covered":141,"skipped":0,"pct":26.11},"branches":{"total":65,"covered":44,"skipped":0,"pct":67.69}}
,"F:\\Sources\\Calcul8\\src\\app-core\\methods\\ui.ts": {"lines":{"total":9,"covered":0,"skipped":0,"pct":0},"functions":{"total":1,"covered":1,"skipped":0,"pct":100},"statements":{"total":9,"covered":0,"skipped":0,"pct":0},"branches":{"total":1,"covered":1,"skipped":0,"pct":100}}
,"F:\\Sources\\Calcul8\\src\\app-core\\methods\\ui\\base.ts": {"lines":{"total":92,"covered":44,"skipped":0,"pct":47.82},"functions":{"total":14,"covered":2,"skipped":0,"pct":14.28},"statements":{"total":92,"covered":44,"skipped":0,"pct":47.82},"branches":{"total":8,"covered":6,"skipped":0,"pct":75}}
,"F:\\Sources\\Calcul8\\src\\app-core\\methods\\ui\\entitlements-purchase.ts": {"lines":{"total":204,"covered":10,"skipped":0,"pct":4.9},"functions":{"total":4,"covered":0,"skipped":0,"pct":0},"statements":{"total":204,"covered":10,"skipped":0,"pct":4.9},"branches":{"total":0,"covered":0,"skipped":0,"pct":100}}
,"F:\\Sources\\Calcul8\\src\\app-core\\methods\\ui\\entitlements-shared.ts": {"lines":{"total":132,"covered":14,"skipped":0,"pct":10.6},"functions":{"total":6,"covered":1,"skipped":0,"pct":16.66},"statements":{"total":132,"covered":14,"skipped":0,"pct":10.6},"branches":{"total":3,"covered":1,"skipped":0,"pct":33.33}}
,"F:\\Sources\\Calcul8\\src\\app-core\\methods\\ui\\entitlements-signin.ts": {"lines":{"total":84,"covered":30,"skipped":0,"pct":35.71},"functions":{"total":6,"covered":3,"skipped":0,"pct":50},"statements":{"total":84,"covered":30,"skipped":0,"pct":35.71},"branches":{"total":6,"covered":3,"skipped":0,"pct":50}}
,"F:\\Sources\\Calcul8\\src\\app-core\\methods\\ui\\entitlements-status.ts": {"lines":{"total":78,"covered":5,"skipped":0,"pct":6.41},"functions":{"total":1,"covered":0,"skipped":0,"pct":0},"statements":{"total":78,"covered":5,"skipped":0,"pct":6.41},"branches":{"total":0,"covered":0,"skipped":0,"pct":100}}
,"F:\\Sources\\Calcul8\\src\\app-core\\methods\\ui\\entitlements.ts": {"lines":{"total":9,"covered":9,"skipped":0,"pct":100},"functions":{"total":0,"covered":0,"skipped":0,"pct":100},"statements":{"total":9,"covered":9,"skipped":0,"pct":100},"branches":{"total":0,"covered":0,"skipped":0,"pct":100}}
,"F:\\Sources\\Calcul8\\src\\app-core\\methods\\ui\\shared.ts": {"lines":{"total":261,"covered":151,"skipped":0,"pct":57.85},"functions":{"total":17,"covered":8,"skipped":0,"pct":47.05},"statements":{"total":261,"covered":151,"skipped":0,"pct":57.85},"branches":{"total":35,"covered":18,"skipped":0,"pct":51.42}}
,"F:\\Sources\\Calcul8\\src\\app-core\\methods\\ui\\sync.ts": {"lines":{"total":226,"covered":0,"skipped":0,"pct":0},"functions":{"total":1,"covered":1,"skipped":0,"pct":100},"statements":{"total":226,"covered":0,"skipped":0,"pct":0},"branches":{"total":1,"covered":1,"skipped":0,"pct":100}}
,"F:\\Sources\\Calcul8\\src\\app-core\\utils\\googleAutoLogin.ts": {"lines":{"total":50,"covered":48,"skipped":0,"pct":96},"functions":{"total":4,"covered":4,"skipped":0,"pct":100},"statements":{"total":50,"covered":48,"skipped":0,"pct":96},"branches":{"total":17,"covered":15,"skipped":0,"pct":88.23}}
,"F:\\Sources\\Calcul8\\src\\app-core\\utils\\playBilling.ts": {"lines":{"total":165,"covered":79,"skipped":0,"pct":47.87},"functions":{"total":9,"covered":5,"skipped":0,"pct":55.55},"statements":{"total":165,"covered":79,"skipped":0,"pct":47.87},"branches":{"total":38,"covered":32,"skipped":0,"pct":84.21}}
,"F:\\Sources\\Calcul8\\src\\components\\LivePriceCard.ts": {"lines":{"total":59,"covered":0,"skipped":0,"pct":0},"functions":{"total":1,"covered":0,"skipped":0,"pct":0},"statements":{"total":59,"covered":0,"skipped":0,"pct":0},"branches":{"total":1,"covered":0,"skipped":0,"pct":0}}
,"F:\\Sources\\Calcul8\\src\\components\\modals\\AutoCalculateModal.ts": {"lines":{"total":18,"covered":0,"skipped":0,"pct":0},"functions":{"total":1,"covered":0,"skipped":0,"pct":0},"statements":{"total":18,"covered":0,"skipped":0,"pct":0},"branches":{"total":1,"covered":0,"skipped":0,"pct":0}}
,"F:\\Sources\\Calcul8\\src\\components\\windows\\ConfigWindow.ts": {"lines":{"total":25,"covered":0,"skipped":0,"pct":0},"functions":{"total":1,"covered":0,"skipped":0,"pct":0},"statements":{"total":25,"covered":0,"skipped":0,"pct":0},"branches":{"total":1,"covered":0,"skipped":0,"pct":0}}
,"F:\\Sources\\Calcul8\\src\\components\\windows\\LiveWindow.ts": {"lines":{"total":40,"covered":0,"skipped":0,"pct":0},"functions":{"total":1,"covered":0,"skipped":0,"pct":0},"statements":{"total":40,"covered":0,"skipped":0,"pct":0},"branches":{"total":1,"covered":0,"skipped":0,"pct":0}}
,"F:\\Sources\\Calcul8\\src\\components\\windows\\PortfolioWindow.ts": {"lines":{"total":29,"covered":0,"skipped":0,"pct":0},"functions":{"total":1,"covered":0,"skipped":0,"pct":0},"statements":{"total":29,"covered":0,"skipped":0,"pct":0},"branches":{"total":1,"covered":0,"skipped":0,"pct":0}}
,"F:\\Sources\\Calcul8\\src\\components\\windows\\SalesWindow.ts": {"lines":{"total":29,"covered":0,"skipped":0,"pct":0},"functions":{"total":1,"covered":0,"skipped":0,"pct":0},"statements":{"total":29,"covered":0,"skipped":0,"pct":0},"branches":{"total":1,"covered":0,"skipped":0,"pct":0}}
,"F:\\Sources\\Calcul8\\src\\components\\windows\\bridge.ts": {"lines":{"total":10,"covered":0,"skipped":0,"pct":0},"functions":{"total":1,"covered":0,"skipped":0,"pct":0},"statements":{"total":10,"covered":0,"skipped":0,"pct":0},"branches":{"total":1,"covered":0,"skipped":0,"pct":0}}
,"F:\\Sources\\Calcul8\\src\\components\\windows\\contextBridge.ts": {"lines":{"total":99,"covered":0,"skipped":0,"pct":0},"functions":{"total":1,"covered":0,"skipped":0,"pct":0},"statements":{"total":99,"covered":0,"skipped":0,"pct":0},"branches":{"total":1,"covered":0,"skipped":0,"pct":0}}
,"F:\\Sources\\Calcul8\\src\\domain\\calculations.ts": {"lines":{"total":228,"covered":218,"skipped":0,"pct":95.61},"functions":{"total":19,"covered":19,"skipped":0,"pct":100},"statements":{"total":228,"covered":218,"skipped":0,"pct":95.61},"branches":{"total":82,"covered":52,"skipped":0,"pct":63.41}}
,"F:\\Sources\\Calcul8\\src\\types\\app.ts": {"lines":{"total":0,"covered":0,"skipped":0,"pct":100},"functions":{"total":1,"covered":1,"skipped":0,"pct":100},"statements":{"total":0,"covered":0,"skipped":0,"pct":100},"branches":{"total":1,"covered":1,"skipped":0,"pct":100}}
}
