TN:
SF:src\app.ts
FN:1,(empty-report)
FNF:1
FNH:0
FNDA:0,(empty-report)
DA:1,0
DA:2,0
DA:3,0
DA:4,0
DA:5,0
DA:6,0
DA:7,0
DA:8,0
DA:9,0
DA:10,0
DA:11,0
DA:13,0
DA:14,0
DA:15,0
DA:16,0
DA:17,0
DA:18,0
DA:19,0
DA:20,0
DA:21,0
DA:22,0
DA:23,0
DA:24,0
DA:25,0
DA:26,0
DA:27,0
DA:28,0
DA:29,0
DA:30,0
DA:31,0
DA:32,0
DA:33,0
LF:32
LH:0
BRDA:1,0,0,0
BRF:1
BRH:0
end_of_record
TN:
SF:src\constants.ts
FNF:0
FNH:0
DA:3,1
DA:5,1
DA:6,1
DA:7,1
DA:8,1
DA:9,1
DA:11,1
DA:12,1
DA:13,1
DA:14,1
DA:16,1
DA:17,1
DA:18,1
DA:19,1
DA:20,1
DA:21,1
DA:22,1
DA:23,1
DA:24,1
DA:25,1
DA:26,1
DA:27,1
DA:28,1
DA:29,1
DA:31,1
DA:32,1
DA:33,1
DA:34,1
LF:28
LH:28
BRDA:3,0,0,0
BRF:1
BRH:0
end_of_record
TN:
SF:src\main.ts
FN:1,(empty-report)
FNF:1
FNH:0
FNDA:0,(empty-report)
DA:1,0
DA:2,0
DA:3,0
DA:4,0
DA:5,0
DA:7,0
DA:8,0
DA:9,0
DA:11,0
DA:12,0
DA:13,0
DA:14,0
DA:16,0
DA:17,0
DA:18,0
DA:19,0
DA:20,0
DA:21,0
DA:22,0
DA:24,0
DA:25,0
DA:26,0
DA:28,0
DA:29,0
DA:30,0
DA:31,0
DA:33,0
DA:34,0
DA:35,0
DA:36,0
DA:37,0
DA:38,0
DA:39,0
DA:41,0
DA:42,0
DA:43,0
DA:44,0
DA:45,0
DA:46,0
DA:47,0
LF:40
LH:0
BRDA:1,0,0,0
BRF:1
BRH:0
end_of_record
TN:
SF:src\vuetify.ts
FN:1,(empty-report)
FNF:1
FNH:0
FNDA:0,(empty-report)
DA:1,0
DA:2,0
DA:3,0
DA:5,0
DA:6,0
DA:7,0
DA:8,0
DA:9,0
DA:10,0
DA:11,0
DA:12,0
DA:13,0
DA:14,0
DA:15,0
DA:16,0
DA:17,0
DA:18,0
DA:19,0
DA:20,0
DA:21,0
DA:22,0
DA:23,0
DA:24,0
DA:25,0
DA:26,0
DA:27,0
DA:28,0
DA:29,0
DA:30,0
DA:31,0
DA:32,0
DA:33,0
DA:34,0
DA:35,0
LF:34
LH:0
BRDA:1,0,0,0
BRF:1
BRH:0
end_of_record
TN:
SF:src\app-core\computed.ts
FN:26,decodeGoogleJwtPayload
FN:46,readCachedGoogleProfile
FN:60,resolveGoogleProfile
FN:71,isDark
FN:75,isGoogleSignedIn
FN:79,googleProfileName
FN:85,googleProfileEmail
FN:91,googleProfilePicture
FN:98,get
FN:101,set
FN:106,hasLotSelected
FN:110,canUsePaidActions
FN:114,lotItems
FN:121,portfolioLotFilterItems
FN:125,portfolioSelectedLotIds
FN:131,totalPacks
FN:135,totalSpots
FN:139,boxPriceCostCAD
FN:149,purchaseShippingCostCAD
FN:159,purchaseCostInputLabel
FN:166,get
FN:172,set
FN:183,totalCaseCost
FN:194,conversionInfo
FN:202,soldPacksCount
FN:206,totalRevenue
FN:210,salesProgress
FN:214,targetNetRevenue
FN:219,remainingNetRevenueForTarget
FN:223,remainingPacksCount
FN:227,remainingBoxesEquivalent
FN:233,remainingSpotsEquivalent
FN:238,requiredPackPriceFromNow
FN:249,requiredBoxPriceFromNow
FN:260,requiredSpotPriceFromNow
FN:271,salesStatus
FN:275,sortedSales
FN:279,sparklineData
FN:283,sparklineGradient
FN:287,allLotPerformance
FN:310,portfolioTotals
FN:314,hasPortfolioData
FNF:42
FNH:7
FNDA:0,decodeGoogleJwtPayload
FNDA:0,readCachedGoogleProfile
FNDA:0,resolveGoogleProfile
FNDA:0,isDark
FNDA:0,isGoogleSignedIn
FNDA:0,googleProfileName
FNDA:0,googleProfileEmail
FNDA:0,googleProfilePicture
FNDA:0,get
FNDA:0,set
FNDA:0,hasLotSelected
FNDA:3,canUsePaidActions
FNDA:0,lotItems
FNDA:0,portfolioLotFilterItems
FNDA:1,portfolioSelectedLotIds
FNDA:0,totalPacks
FNDA:0,totalSpots
FNDA:0,boxPriceCostCAD
FNDA:0,purchaseShippingCostCAD
FNDA:0,purchaseCostInputLabel
FNDA:0,get
FNDA:0,set
FNDA:0,totalCaseCost
FNDA:0,conversionInfo
FNDA:0,soldPacksCount
FNDA:0,totalRevenue
FNDA:0,salesProgress
FNDA:0,targetNetRevenue
FNDA:0,remainingNetRevenueForTarget
FNDA:0,remainingPacksCount
FNDA:0,remainingBoxesEquivalent
FNDA:1,remainingSpotsEquivalent
FNDA:3,requiredPackPriceFromNow
FNDA:1,requiredBoxPriceFromNow
FNDA:1,requiredSpotPriceFromNow
FNDA:0,salesStatus
FNDA:0,sortedSales
FNDA:0,sparklineData
FNDA:0,sparklineGradient
FNDA:2,allLotPerformance
FNDA:0,portfolioTotals
FNDA:0,hasPortfolioData
DA:1,1
DA:2,1
DA:3,1
DA:26,0
DA:27,0
DA:28,0
DA:30,0
DA:31,0
DA:33,0
DA:34,0
DA:35,0
DA:36,0
DA:37,0
DA:38,0
DA:39,0
DA:40,0
DA:41,0
DA:42,0
DA:43,0
DA:44,0
DA:46,0
DA:47,0
DA:48,0
DA:49,0
DA:50,0
DA:51,0
DA:52,0
DA:53,0
DA:54,0
DA:55,0
DA:56,0
DA:57,0
DA:58,0
DA:60,0
DA:61,0
DA:62,0
DA:63,0
DA:64,0
DA:65,0
DA:66,0
DA:67,0
DA:68,0
DA:70,1
DA:71,1
DA:72,0
DA:73,0
DA:75,1
DA:76,0
DA:77,0
DA:79,1
DA:80,0
DA:81,0
DA:82,0
DA:83,0
DA:85,1
DA:86,0
DA:87,0
DA:88,0
DA:89,0
DA:91,1
DA:92,0
DA:93,0
DA:94,0
DA:95,0
DA:97,1
DA:98,1
DA:99,0
DA:100,0
DA:101,1
DA:102,0
DA:103,0
DA:104,1
DA:106,1
DA:107,0
DA:108,0
DA:110,1
DA:111,3
DA:112,3
DA:114,1
DA:115,0
DA:116,0
DA:117,0
DA:118,0
DA:119,0
DA:121,1
DA:122,0
DA:123,0
DA:125,1
DA:126,1
DA:127,1
DA:128,1
DA:129,1
DA:131,1
DA:132,0
DA:133,0
DA:135,1
DA:136,0
DA:137,0
DA:139,1
DA:140,0
DA:141,0
DA:142,0
DA:143,0
DA:144,0
DA:145,0
DA:146,0
DA:147,0
DA:149,1
DA:150,0
DA:151,0
DA:152,0
DA:153,0
DA:154,0
DA:155,0
DA:156,0
DA:157,0
DA:159,1
DA:160,0
DA:161,0
DA:162,0
DA:163,0
DA:165,1
DA:166,1
DA:167,0
DA:168,0
DA:169,0
DA:170,0
DA:171,0
DA:172,1
DA:173,0
DA:174,0
DA:175,0
DA:176,0
DA:177,0
DA:178,0
DA:179,0
DA:180,0
DA:181,1
DA:183,1
DA:184,0
DA:185,0
DA:186,0
DA:187,0
DA:188,0
DA:189,0
DA:190,0
DA:191,0
DA:192,0
DA:194,1
DA:195,0
DA:196,0
DA:197,0
DA:198,0
DA:199,0
DA:200,0
DA:202,1
DA:203,0
DA:204,0
DA:206,1
DA:207,0
DA:208,0
DA:210,1
DA:211,0
DA:212,0
DA:214,1
DA:215,0
DA:216,0
DA:217,0
DA:219,1
DA:220,0
DA:221,0
DA:223,1
DA:224,0
DA:225,0
DA:227,1
DA:228,0
DA:229,0
DA:230,0
DA:231,0
DA:233,1
DA:234,1
DA:235,1
DA:236,1
DA:238,1
DA:239,3
DA:240,3
DA:241,1
DA:242,1
DA:243,1
DA:244,1
DA:245,1
DA:246,1
DA:247,3
DA:249,1
DA:250,1
DA:251,1
DA:252,0
DA:253,0
DA:254,0
DA:255,0
DA:256,0
DA:257,0
DA:258,1
DA:260,1
DA:261,1
DA:262,1
DA:263,0
DA:264,0
DA:265,0
DA:266,0
DA:267,0
DA:268,0
DA:269,1
DA:271,1
DA:272,0
DA:273,0
DA:275,1
DA:276,0
DA:277,0
DA:279,1
DA:280,0
DA:281,0
DA:283,1
DA:284,0
DA:285,0
DA:287,1
DA:288,2
DA:289,1
DA:290,1
DA:291,2
DA:293,2
DA:294,2
DA:295,2
DA:296,3
DA:297,2
DA:298,1
DA:299,3
DA:300,3
DA:301,3
DA:302,3
DA:303,3
DA:304,3
DA:305,2
DA:307,2
DA:308,2
DA:310,1
DA:311,0
DA:312,0
DA:314,1
DA:315,0
DA:316,0
DA:317,1
LF:252
LH:91
BRDA:110,0,0,3
BRDA:111,1,0,2
BRDA:125,2,0,1
BRDA:128,3,0,0
BRDA:126,4,0,3
BRDA:233,5,0,1
BRDA:234,6,0,0
BRDA:238,7,0,3
BRDA:239,8,0,1
BRDA:239,9,0,2
BRDA:240,10,0,1
BRDA:249,11,0,1
BRDA:250,12,0,0
BRDA:251,13,0,0
BRDA:260,14,0,1
BRDA:261,15,0,0
BRDA:262,16,0,0
BRDA:287,17,0,2
BRDA:288,18,0,1
BRDA:289,19,0,1
BRDA:290,20,0,2
BRDA:294,21,0,4
BRDA:295,22,0,3
BRDA:296,23,0,2
BRDA:297,24,0,1
BRDA:307,25,0,1
BRF:26
BRH:20
end_of_record
TN:
SF:src\app-core\context.ts
FN:1,(empty-report)
FNF:1
FNH:1
FNDA:1,(empty-report)
LF:0
LH:0
BRDA:1,0,0,1
BRF:1
BRH:1
end_of_record
TN:
SF:src\app-core\lifecycle.ts
FN:1,(empty-report)
FNF:1
FNH:1
FNDA:1,(empty-report)
DA:3,0
DA:10,0
DA:12,0
DA:13,0
DA:14,0
DA:16,0
DA:17,0
DA:18,0
DA:19,0
DA:21,0
DA:22,0
DA:23,0
DA:24,0
DA:25,0
DA:26,0
DA:27,0
DA:28,0
DA:30,0
DA:31,0
DA:32,0
DA:33,0
DA:34,0
DA:35,0
DA:36,0
DA:37,0
DA:38,0
DA:39,0
DA:40,0
DA:41,0
DA:43,0
DA:45,0
DA:46,0
DA:47,0
DA:48,0
DA:49,0
DA:50,0
DA:52,0
DA:54,0
DA:55,0
DA:56,0
DA:57,0
DA:58,0
DA:59,0
DA:61,0
DA:62,0
DA:63,0
DA:64,0
DA:65,0
DA:66,0
DA:67,0
DA:69,0
DA:70,0
DA:71,0
DA:72,0
DA:73,0
DA:74,0
DA:75,0
DA:76,0
DA:77,0
DA:78,0
DA:79,0
DA:80,0
DA:81,0
DA:82,0
DA:83,0
DA:84,0
DA:85,0
DA:86,0
DA:87,0
DA:88,0
DA:89,0
DA:90,0
DA:91,0
DA:92,0
DA:93,0
DA:94,0
DA:95,0
LF:77
LH:0
BRDA:1,0,0,1
BRF:1
BRH:1
end_of_record
TN:
SF:src\app-core\state.ts
FN:1,(empty-report)
FNF:1
FNH:0
FNDA:0,(empty-report)
DA:1,0
DA:2,0
DA:10,0
DA:11,0
DA:12,0
DA:13,0
DA:14,0
DA:15,0
DA:16,0
DA:18,0
DA:19,0
DA:20,0
DA:21,0
DA:22,0
DA:23,0
DA:24,0
DA:25,0
DA:26,0
DA:28,0
DA:29,0
DA:30,0
DA:31,0
DA:32,0
DA:33,0
DA:34,0
DA:35,0
DA:36,0
DA:37,0
DA:39,0
DA:40,0
DA:41,0
DA:42,0
DA:43,0
DA:44,0
DA:45,0
DA:46,0
DA:47,0
DA:48,0
DA:49,0
DA:50,0
DA:51,0
DA:52,0
DA:53,0
DA:54,0
DA:55,0
DA:56,0
DA:57,0
DA:58,0
DA:59,0
DA:60,0
DA:63,0
DA:64,0
DA:65,0
DA:66,0
DA:67,0
DA:68,0
DA:69,0
DA:70,0
DA:71,0
DA:72,0
DA:73,0
DA:74,0
DA:75,0
DA:76,0
DA:79,0
DA:80,0
DA:81,0
DA:82,0
DA:83,0
DA:84,0
DA:87,0
DA:88,0
DA:91,0
DA:92,0
DA:93,0
DA:94,0
DA:95,0
DA:96,0
DA:97,0
DA:98,0
DA:99,0
DA:100,0
DA:101,0
DA:103,0
DA:104,0
DA:105,0
DA:106,0
DA:107,0
DA:110,0
DA:111,0
DA:112,0
DA:115,0
DA:116,0
DA:117,0
DA:118,0
DA:119,0
DA:120,0
DA:121,0
DA:122,0
LF:99
LH:0
BRDA:1,0,0,0
BRF:1
BRH:0
end_of_record
TN:
SF:src\app-core\storageKeys.ts
FN:31,parseJsonLoose
FN:39,isStructuredEmpty
FN:50,shouldPromoteLegacyValue
FN:55,migrateValue
FN:86,migrateLegacyStorageKeys
FN:98,getSalesStorageKey
FN:102,getLegacySalesStorageKey
FN:106,migrateLegacySalesKey
FN:110,migrateAllLegacySalesKeys
FN:134,readStorageWithLegacy
FN:156,removeStorageWithLegacy
FN:167,getLegacyStorageKeys
FNF:12
FNH:9
FNDA:5,parseJsonLoose
FNDA:5,isStructuredEmpty
FNDA:3,shouldPromoteLegacyValue
FNDA:3,migrateValue
FNDA:0,migrateLegacyStorageKeys
FNDA:8,getSalesStorageKey
FNDA:8,getLegacySalesStorageKey
FNDA:3,migrateLegacySalesKey
FNDA:0,migrateAllLegacySalesKeys
FNDA:3,readStorageWithLegacy
FNDA:0,removeStorageWithLegacy
FNDA:5,getLegacyStorageKeys
DA:1,1
DA:2,1
DA:3,1
DA:4,1
DA:5,1
DA:6,1
DA:7,1
DA:8,1
DA:9,1
DA:10,1
DA:11,1
DA:12,1
DA:13,1
DA:14,1
DA:15,1
DA:17,1
DA:18,1
DA:19,1
DA:20,1
DA:21,1
DA:22,1
DA:23,1
DA:24,1
DA:25,1
DA:26,1
DA:28,1
DA:29,1
DA:31,5
DA:32,5
DA:33,5
DA:34,5
DA:35,0
DA:36,0
DA:37,5
DA:39,5
DA:40,5
DA:41,5
DA:43,5
DA:44,5
DA:45,5
DA:46,5
DA:47,0
DA:48,0
DA:50,3
DA:51,3
DA:52,3
DA:53,3
DA:55,3
DA:56,3
DA:57,3
DA:58,3
DA:59,3
DA:60,3
DA:62,3
DA:63,1
DA:64,1
DA:65,1
DA:66,1
DA:67,1
DA:68,1
DA:70,2
DA:71,1
DA:72,1
DA:73,1
DA:74,1
DA:75,1
DA:76,1
DA:78,2
DA:79,0
DA:80,0
DA:81,3
DA:83,0
DA:84,3
DA:86,1
DA:87,0
DA:88,0
DA:89,0
DA:90,0
DA:91,0
DA:92,0
DA:93,0
DA:94,0
DA:95,0
DA:96,0
DA:98,1
DA:99,8
DA:100,8
DA:102,1
DA:103,8
DA:104,8
DA:106,1
DA:107,3
DA:108,3
DA:110,0
DA:111,0
DA:112,0
DA:114,0
DA:115,0
DA:116,0
DA:117,0
DA:118,0
DA:119,0
DA:120,0
DA:121,0
DA:123,0
DA:124,0
DA:125,0
DA:126,0
DA:127,0
DA:128,0
DA:129,0
DA:131,0
DA:132,0
DA:134,1
DA:135,3
DA:136,3
DA:137,3
DA:138,3
DA:139,3
DA:141,1
DA:142,1
DA:143,1
DA:144,1
DA:145,1
DA:146,0
DA:147,0
DA:149,0
DA:150,0
DA:151,0
DA:152,0
DA:153,0
DA:154,3
DA:156,1
DA:157,0
DA:158,0
DA:159,0
DA:160,0
DA:161,0
DA:162,0
DA:164,0
DA:165,0
DA:167,1
DA:168,5
DA:169,5
LF:144
LH:92
BRDA:31,0,0,5
BRDA:34,1,0,0
BRDA:39,2,0,5
BRDA:41,3,0,0
BRDA:44,4,0,0
BRDA:45,5,0,0
BRDA:46,6,0,0
BRDA:50,7,0,3
BRDA:51,8,0,0
BRDA:52,9,0,2
BRDA:55,10,0,3
BRDA:56,11,0,0
BRDA:60,12,0,0
BRDA:62,13,0,1
BRDA:68,14,0,2
BRDA:70,15,0,1
BRDA:78,16,0,0
BRDA:81,17,0,0
BRDA:98,18,0,8
BRDA:102,19,0,8
BRDA:106,20,0,3
BRDA:134,21,0,3
BRDA:137,22,0,0
BRDA:139,23,0,2
BRDA:139,24,0,1
BRDA:145,25,0,0
BRDA:167,26,0,5
BRF:27
BRH:15
end_of_record
TN:
SF:src\app-core\watch.ts
FN:5,currentTab
FN:33,purchaseUiMode
FN:46,currentLotId
FN:62,chartView
FN:68,portfolioChartView
FN:75,handler
FN:93,handler
FNF:7
FNH:3
FNDA:2,currentTab
FNDA:1,purchaseUiMode
FNDA:0,currentLotId
FNDA:0,chartView
FNDA:0,portfolioChartView
FNDA:1,handler
FNDA:0,handler
DA:2,1
DA:4,1
DA:5,1
DA:6,2
DA:7,2
DA:8,2
DA:10,0
DA:12,2
DA:13,2
DA:15,2
DA:16,1
DA:17,1
DA:18,1
DA:19,1
DA:20,1
DA:21,1
DA:23,2
DA:24,1
DA:25,1
DA:26,1
DA:28,1
DA:29,1
DA:30,1
DA:31,2
DA:33,1
DA:34,1
DA:35,1
DA:36,1
DA:38,0
DA:40,1
DA:41,1
DA:42,1
DA:43,1
DA:44,1
DA:46,1
DA:47,0
DA:49,0
DA:50,0
DA:51,0
DA:52,0
DA:53,0
DA:54,0
DA:55,0
DA:56,0
DA:57,0
DA:58,0
DA:59,0
DA:60,0
DA:62,1
DA:63,0
DA:64,0
DA:65,0
DA:66,0
DA:68,1
DA:69,0
DA:70,0
DA:71,0
DA:72,0
DA:74,1
DA:75,1
DA:76,1
DA:77,1
DA:78,1
DA:79,1
DA:80,1
DA:81,1
DA:83,0
DA:85,1
DA:86,1
DA:87,1
DA:88,1
DA:89,1
DA:90,1
DA:92,1
DA:93,1
DA:94,0
DA:95,0
DA:96,0
DA:97,0
DA:98,0
DA:99,0
DA:100,0
DA:101,1
DA:102,1
DA:103,1
LF:85
LH:54
BRDA:5,0,0,2
BRDA:8,1,0,0
BRDA:15,2,0,1
BRDA:15,3,0,1
BRDA:23,4,0,1
BRDA:29,5,0,1
BRDA:33,6,0,1
BRDA:36,7,0,0
BRDA:75,8,0,1
BRDA:81,9,0,0
BRDA:86,10,0,1
BRF:11
BRH:8
end_of_record
TN:
SF:src\app-core\methods\config-io.ts
FN:5,sanitizeTsvCell
FN:10,fallbackCopyToClipboard
FN:32,buildPortfolioReportTsv
FN:73,exportLots
FN:100,exportSales
FN:116,exportPortfolioReport
FN:120,openPortfolioReportModal
FN:128,copyPortfolioReportTable
FN:149,importLots
FN:153,handleFileImport
FNF:10
FNH:0
FNDA:0,sanitizeTsvCell
FNDA:0,fallbackCopyToClipboard
FNDA:0,buildPortfolioReportTsv
FNDA:0,exportLots
FNDA:0,exportSales
FNDA:0,exportPortfolioReport
FNDA:0,openPortfolioReportModal
FNDA:0,copyPortfolioReportTable
FNDA:0,importLots
FNDA:0,handleFileImport
DA:3,1
DA:5,0
DA:6,0
DA:7,0
DA:8,0
DA:10,0
DA:11,0
DA:12,0
DA:13,0
DA:14,0
DA:15,0
DA:16,0
DA:17,0
DA:18,0
DA:19,0
DA:21,0
DA:22,0
DA:23,0
DA:24,0
DA:25,0
DA:26,0
DA:27,0
DA:28,0
DA:29,0
DA:30,0
DA:32,0
DA:33,0
DA:34,0
DA:35,0
DA:36,0
DA:37,0
DA:38,0
DA:39,0
DA:40,0
DA:41,0
DA:42,0
DA:43,0
DA:45,0
DA:46,0
DA:47,0
DA:48,0
DA:49,0
DA:50,0
DA:51,0
DA:52,0
DA:53,0
DA:54,0
DA:55,0
DA:56,0
DA:57,0
DA:58,0
DA:59,0
DA:61,0
DA:62,0
DA:64,1
DA:72,1
DA:73,1
DA:74,0
DA:75,0
DA:76,0
DA:77,0
DA:79,0
DA:80,0
DA:81,0
DA:82,0
DA:83,0
DA:84,0
DA:85,0
DA:86,0
DA:87,0
DA:89,0
DA:90,0
DA:91,0
DA:92,0
DA:93,0
DA:94,0
DA:95,0
DA:96,0
DA:97,0
DA:98,0
DA:100,1
DA:101,0
DA:103,0
DA:104,0
DA:105,0
DA:107,0
DA:108,0
DA:109,0
DA:110,0
DA:112,0
DA:113,0
DA:114,0
DA:116,1
DA:117,0
DA:118,0
DA:120,1
DA:121,0
DA:122,0
DA:123,0
DA:124,0
DA:125,0
DA:126,0
DA:128,1
DA:129,0
DA:130,0
DA:131,0
DA:132,0
DA:134,0
DA:135,0
DA:136,0
DA:137,0
DA:138,0
DA:139,0
DA:140,0
DA:141,0
DA:142,0
DA:143,0
DA:144,0
DA:145,0
DA:146,0
DA:147,0
DA:149,1
DA:150,0
DA:151,0
DA:153,1
DA:154,0
DA:155,0
DA:156,0
DA:158,0
DA:159,0
DA:160,0
DA:161,0
DA:162,0
DA:163,0
DA:164,0
DA:165,0
DA:166,0
DA:168,0
DA:169,0
DA:171,0
DA:172,0
DA:173,0
DA:174,0
DA:180,0
DA:181,0
DA:182,0
DA:183,0
DA:184,0
DA:185,0
DA:186,0
DA:187,0
DA:188,0
DA:189,0
DA:190,0
DA:191,0
DA:192,0
DA:194,0
DA:195,0
DA:196,0
DA:197,0
DA:199,0
DA:200,0
DA:201,0
DA:202,0
DA:203,0
DA:204,0
DA:205,0
DA:206,0
DA:207,0
DA:208,0
DA:209,0
DA:210,0
DA:211,0
DA:212,0
DA:213,0
DA:214,0
DA:215,0
DA:217,0
DA:218,0
DA:220,0
DA:221,0
DA:222,0
DA:223,0
DA:224,0
DA:226,0
DA:227,0
DA:228,0
DA:229,0
DA:231,0
DA:232,0
DA:233,0
DA:234,0
DA:235,0
DA:236,0
DA:237,0
DA:238,0
DA:239,0
DA:240,0
DA:242,0
DA:243,0
DA:244,0
DA:245,0
DA:247,0
DA:248,0
DA:249,1
LF:205
LH:11
BRF:0
BRH:0
end_of_record
TN:
SF:src\app-core\methods\config-lots.ts
FN:24,getCurrentSetup
FN:47,autoSaveSetup
FN:56,syncLivePricesFromDefaults
FN:62,resetLivePrices
FN:67,applyLivePricesToDefaults
FN:80,createNewLot
FN:121,loadLot
FN:179,deleteCurrentLot
FNF:8
FNH:5
FNDA:0,getCurrentSetup
FNDA:0,autoSaveSetup
FNDA:1,syncLivePricesFromDefaults
FNDA:1,resetLivePrices
FNDA:2,applyLivePricesToDefaults
FNDA:3,createNewLot
FNDA:2,loadLot
FNDA:0,deleteCurrentLot
DA:1,1
DA:3,1
DA:10,1
DA:12,1
DA:14,1
DA:23,1
DA:24,1
DA:25,0
DA:26,0
DA:27,0
DA:28,0
DA:29,0
DA:30,0
DA:31,0
DA:32,0
DA:33,0
DA:34,0
DA:35,0
DA:36,0
DA:37,0
DA:38,0
DA:39,0
DA:40,0
DA:41,0
DA:42,0
DA:43,0
DA:44,0
DA:45,0
DA:47,1
DA:48,0
DA:49,0
DA:50,0
DA:52,0
DA:53,0
DA:54,0
DA:56,1
DA:57,1
DA:58,1
DA:59,1
DA:60,1
DA:62,1
DA:63,1
DA:64,1
DA:65,1
DA:67,1
DA:68,2
DA:69,1
DA:70,1
DA:71,1
DA:73,2
DA:74,2
DA:75,2
DA:76,2
DA:77,2
DA:78,2
DA:80,1
DA:81,3
DA:82,3
DA:83,3
DA:85,3
DA:86,3
DA:87,3
DA:88,3
DA:89,3
DA:90,3
DA:91,2
DA:92,2
DA:93,3
DA:94,3
DA:95,3
DA:96,3
DA:97,0
DA:98,3
DA:100,3
DA:101,1
DA:102,1
DA:103,1
DA:105,3
DA:106,3
DA:107,3
DA:108,3
DA:109,3
DA:110,3
DA:111,3
DA:112,3
DA:114,3
DA:115,3
DA:116,3
DA:117,3
DA:118,3
DA:119,3
DA:121,1
DA:122,2
DA:124,2
DA:125,2
DA:126,2
DA:128,2
DA:129,2
DA:130,2
DA:131,2
DA:132,2
DA:133,2
DA:134,2
DA:135,2
DA:136,2
DA:137,2
DA:138,0
DA:139,0
DA:140,0
DA:141,2
DA:143,2
DA:144,2
DA:145,2
DA:146,0
DA:147,0
DA:148,2
DA:149,2
DA:150,0
DA:151,0
DA:152,2
DA:153,2
DA:154,2
DA:155,2
DA:156,2
DA:157,2
DA:158,2
DA:159,1
DA:160,1
DA:161,0
DA:162,1
DA:163,1
DA:164,1
DA:166,2
DA:167,2
DA:168,2
DA:169,2
DA:170,0
DA:171,0
DA:172,0
DA:173,2
DA:174,0
DA:175,0
DA:176,2
DA:177,2
DA:179,1
DA:180,0
DA:181,0
DA:182,0
DA:183,0
DA:184,0
DA:186,0
DA:187,0
DA:188,0
DA:189,0
DA:190,0
DA:191,0
DA:192,0
DA:193,0
DA:194,0
DA:195,0
DA:196,0
DA:197,0
DA:198,0
DA:199,0
DA:200,0
DA:201,0
DA:202,0
DA:203,0
DA:204,0
DA:205,0
DA:206,0
DA:207,0
DA:208,0
DA:209,1
LF:174
LH:105
BRDA:56,0,0,1
BRDA:62,1,0,1
BRDA:67,2,0,2
BRDA:68,3,0,1
BRDA:73,4,0,0
BRDA:74,5,0,0
BRDA:75,6,0,0
BRDA:80,7,0,3
BRDA:81,8,0,0
BRDA:82,9,0,0
BRDA:83,10,0,0
BRDA:87,11,0,1
BRDA:87,12,0,2
BRDA:88,13,0,1
BRDA:88,14,0,2
BRDA:90,15,0,1
BRDA:90,16,0,2
BRDA:91,17,0,0
BRDA:91,18,0,2
BRDA:96,19,0,0
BRDA:100,20,0,1
BRDA:83,21,0,1
BRDA:87,22,0,1
BRDA:121,23,0,2
BRDA:122,24,0,0
BRDA:125,25,0,0
BRDA:128,26,0,0
BRDA:129,27,0,0
BRDA:130,28,0,0
BRDA:132,29,0,0
BRDA:133,30,0,0
BRDA:134,31,0,0
BRDA:135,32,0,0
BRDA:137,33,0,0
BRDA:138,34,0,0
BRDA:139,35,0,0
BRDA:141,36,0,0
BRDA:145,37,0,0
BRDA:146,38,0,0
BRDA:149,39,0,0
BRDA:150,40,0,0
BRDA:152,41,0,0
BRDA:153,42,0,0
BRDA:154,43,0,0
BRDA:155,44,0,0
BRDA:156,45,0,0
BRDA:158,46,0,1
BRDA:160,47,0,0
BRDA:160,48,0,0
BRDA:124,49,0,2
BRDA:168,50,0,2
BRDA:169,51,0,0
BRDA:173,52,0,0
BRF:53
BRH:19
end_of_record
TN:
SF:src\app-core\methods\config-pricing.ts
FN:16,calculateProfit
FN:26,recalculateDefaultPrices
FN:45,calculateOptimalPrices
FN:53,onPurchaseConfigChange
FN:85,calculatePriceForUnits
FNF:5
FNH:2
FNDA:0,calculateProfit
FNDA:1,recalculateDefaultPrices
FNDA:2,calculateOptimalPrices
FNDA:0,onPurchaseConfigChange
FNDA:0,calculatePriceForUnits
DA:1,1
DA:2,1
DA:7,1
DA:9,1
DA:15,1
DA:16,1
DA:17,0
DA:18,0
DA:19,0
DA:20,0
DA:21,0
DA:22,0
DA:23,0
DA:24,0
DA:26,1
DA:27,1
DA:28,1
DA:29,1
DA:30,1
DA:31,1
DA:32,1
DA:33,1
DA:34,1
DA:35,1
DA:36,1
DA:37,1
DA:38,1
DA:40,1
DA:41,1
DA:42,1
DA:43,1
DA:45,1
DA:46,2
DA:47,1
DA:48,1
DA:49,1
DA:50,1
DA:51,2
DA:53,1
DA:54,0
DA:55,0
DA:56,0
DA:57,0
DA:58,0
DA:59,0
DA:60,0
DA:61,0
DA:62,0
DA:63,0
DA:64,0
DA:65,0
DA:66,0
DA:67,0
DA:68,0
DA:69,0
DA:70,0
DA:71,0
DA:72,0
DA:73,0
DA:74,0
DA:75,0
DA:76,0
DA:77,0
DA:78,0
DA:79,0
DA:80,0
DA:81,0
DA:82,0
DA:83,0
DA:85,1
DA:86,0
DA:87,0
DA:88,1
LF:73
LH:33
BRDA:26,0,0,1
BRDA:45,1,0,2
BRDA:46,2,0,1
BRF:3
BRH:3
end_of_record
TN:
SF:src\app-core\methods\config-shared.ts
FN:39,formatLocalDate
FN:46,getTodayDate
FN:50,isValidDateOnly
FN:54,toDateOnly
FN:62,inferDateFromLotId
FNF:5
FNH:4
FNDA:8,formatLocalDate
FNDA:8,getTodayDate
FNDA:2,isValidDateOnly
FNDA:2,toDateOnly
FNDA:0,inferDateFromLotId
DA:37,1
DA:39,8
DA:40,8
DA:41,8
DA:42,8
DA:43,8
DA:44,8
DA:46,1
DA:47,8
DA:48,8
DA:50,2
DA:51,2
DA:52,2
DA:54,1
DA:55,2
DA:56,2
DA:57,0
DA:58,0
DA:59,0
DA:60,0
DA:62,1
DA:63,0
DA:65,0
DA:66,0
DA:67,0
DA:68,0
DA:69,0
LF:27
LH:17
BRDA:39,0,0,8
BRDA:46,1,0,8
BRDA:50,2,0,2
BRDA:54,3,0,2
BRDA:55,4,0,0
BRDA:56,5,0,0
BRF:6
BRH:4
end_of_record
TN:
SF:src\app-core\methods\config-storage.ts
FN:23,isExchangeRateCacheRecord
FN:31,readExchangeRateCache
FN:43,writeExchangeRateCache
FN:60,getSalesStorageKey
FN:64,loadSalesForLotId
FN:79,netFromGross
FN:83,getExchangeRate
FN:123,loadLotsFromStorage
FN:149,saveLotsToStorage
FNF:9
FNH:2
FNDA:0,isExchangeRateCacheRecord
FNDA:0,readExchangeRateCache
FNDA:0,writeExchangeRateCache
FNDA:2,getSalesStorageKey
FNDA:1,loadSalesForLotId
FNDA:0,netFromGross
FNDA:0,getExchangeRate
FNDA:0,loadLotsFromStorage
FNDA:0,saveLotsToStorage
DA:1,1
DA:2,1
DA:4,1
DA:12,1
DA:19,1
DA:20,1
DA:21,1
DA:23,0
DA:24,0
DA:25,0
DA:26,0
DA:27,0
DA:28,0
DA:29,0
DA:31,0
DA:32,0
DA:33,0
DA:34,0
DA:35,0
DA:36,0
DA:37,0
DA:38,0
DA:39,0
DA:40,0
DA:41,0
DA:43,0
DA:44,0
DA:45,0
DA:46,0
DA:47,0
DA:49,0
DA:50,0
DA:52,1
DA:59,1
DA:60,1
DA:61,2
DA:62,2
DA:64,1
DA:65,1
DA:66,1
DA:67,1
DA:68,1
DA:69,1
DA:70,1
DA:71,1
DA:72,1
DA:73,1
DA:74,1
DA:75,0
DA:76,0
DA:77,1
DA:79,1
DA:80,0
DA:81,0
DA:83,1
DA:84,0
DA:85,0
DA:87,0
DA:88,0
DA:89,0
DA:90,0
DA:91,0
DA:93,0
DA:94,0
DA:95,0
DA:97,0
DA:98,0
DA:99,0
DA:100,0
DA:101,0
DA:103,0
DA:104,0
DA:105,0
DA:106,0
DA:107,0
DA:108,0
DA:110,0
DA:111,0
DA:112,0
DA:113,0
DA:114,0
DA:115,0
DA:116,0
DA:117,0
DA:118,0
DA:119,0
DA:120,0
DA:121,0
DA:123,1
DA:124,0
DA:125,0
DA:126,0
DA:127,0
DA:128,0
DA:129,0
DA:130,0
DA:131,0
DA:132,0
DA:133,0
DA:134,0
DA:135,0
DA:136,0
DA:137,0
DA:138,0
DA:139,0
DA:140,0
DA:141,0
DA:142,0
DA:143,0
DA:144,0
DA:145,0
DA:146,0
DA:147,0
DA:149,1
DA:150,0
DA:151,0
DA:152,0
DA:153,0
DA:154,0
DA:155,0
DA:156,0
DA:157,1
LF:122
LH:29
BRDA:60,0,0,2
BRDA:64,1,0,1
BRDA:68,2,0,0
BRDA:74,3,0,0
BRDA:70,4,0,1
BRF:5
BRH:3
end_of_record
TN:
SF:src\app-core\methods\config.ts
FNF:0
FNH:0
DA:1,1
DA:2,1
DA:3,1
DA:5,1
DA:7,1
DA:8,1
DA:9,1
DA:10,1
DA:11,1
DA:12,1
LF:10
LH:10
BRF:0
BRH:0
end_of_record
TN:
SF:src\app-core\methods\index.ts
FN:1,(empty-report)
FNF:1
FNH:1
FNDA:1,(empty-report)
DA:2,0
DA:3,0
DA:4,0
DA:5,0
DA:7,0
DA:8,0
DA:9,0
DA:10,0
DA:11,0
DA:12,0
LF:10
LH:0
BRDA:1,0,0,1
BRF:1
BRH:1
end_of_record
TN:
SF:src\app-core\methods\pwa.ts
FN:1,(empty-report)
FNF:1
FNH:0
FNDA:0,(empty-report)
DA:1,0
DA:5,0
DA:13,0
DA:14,0
DA:15,0
DA:16,0
DA:17,0
DA:18,0
DA:19,0
DA:20,0
DA:21,0
DA:22,0
DA:23,0
DA:24,0
DA:25,0
DA:26,0
DA:27,0
DA:28,0
DA:29,0
DA:30,0
DA:31,0
DA:32,0
DA:33,0
DA:34,0
DA:35,0
DA:37,0
DA:38,0
DA:39,0
DA:40,0
DA:42,0
DA:43,0
DA:44,0
DA:45,0
DA:47,0
DA:48,0
DA:50,0
DA:51,0
DA:52,0
DA:53,0
DA:54,0
DA:56,0
DA:58,0
DA:59,0
DA:60,0
DA:61,0
DA:62,0
DA:63,0
DA:64,0
DA:66,0
DA:67,0
DA:68,0
DA:69,0
DA:70,0
DA:72,0
DA:73,0
DA:75,0
DA:76,0
DA:77,0
DA:78,0
DA:80,0
DA:81,0
DA:82,0
DA:83,0
DA:85,0
DA:86,0
DA:87,0
DA:88,0
DA:89,0
DA:90,0
DA:91,0
DA:92,0
DA:93,0
DA:94,0
DA:95,0
DA:96,0
DA:97,0
DA:99,0
DA:100,0
DA:101,0
DA:102,0
DA:104,0
DA:105,0
DA:106,0
DA:107,0
DA:108,0
DA:110,0
DA:111,0
DA:112,0
DA:113,0
DA:114,0
DA:116,0
DA:117,0
DA:118,0
DA:120,0
DA:121,0
DA:122,0
DA:124,0
DA:125,0
DA:126,0
DA:127,0
DA:128,0
DA:129,0
DA:131,0
DA:132,0
DA:133,0
DA:134,0
DA:135,0
DA:137,0
DA:138,0
DA:139,0
DA:140,0
DA:141,0
DA:142,0
DA:143,0
DA:144,0
DA:145,0
DA:146,0
LF:117
LH:0
BRDA:1,0,0,0
BRF:1
BRH:0
end_of_record
TN:
SF:src\app-core\methods\sales.ts
FN:7,firstFiniteNonNegative
FN:17,resolveDefaultSaleUnitPrice
FN:40,formatLocalDate
FN:47,toDateOnly
FN:55,inferDateFromLotId
FN:63,getEarliestSaleDate
FN:75,safeDestroyChart
FN:85,refreshChartsForCurrentTab
FN:86,runRefresh
FN:104,focusSaleQuantityInput
FN:106,runFocus
FN:138,resolveCanvasRef
FN:173,loadSalesFromStorage
FN:184,saveSalesToStorage
FN:195,openAddSaleModal
FN:210,onNewSaleTypeChange
FN:217,saveSale
FN:284,editSale
FN:298,deleteSale
FN:313,cancelSale
FN:326,initSalesChart
FN:462,initPortfolioChart
FNF:22
FNH:12
FNDA:3,firstFiniteNonNegative
FNDA:3,resolveDefaultSaleUnitPrice
FNDA:1,formatLocalDate
FNDA:6,toDateOnly
FNDA:0,inferDateFromLotId
FNDA:0,getEarliestSaleDate
FNDA:0,safeDestroyChart
FNDA:6,refreshChartsForCurrentTab
FNDA:6,runRefresh
FNDA:2,focusSaleQuantityInput
FNDA:2,runFocus
FNDA:0,resolveCanvasRef
FNDA:1,loadSalesFromStorage
FNDA:0,saveSalesToStorage
FNDA:2,openAddSaleModal
FNDA:2,onNewSaleTypeChange
FNDA:8,saveSale
FNDA:0,editSale
FNDA:0,deleteSale
FNDA:0,cancelSale
FNDA:0,initSalesChart
FNDA:0,initPortfolioChart
DA:1,1
DA:2,1
DA:5,1
DA:7,3
DA:8,3
DA:9,4
DA:10,4
DA:11,3
DA:12,3
DA:13,4
DA:14,0
DA:15,0
DA:17,3
DA:18,3
DA:19,1
DA:20,1
DA:21,3
DA:22,1
DA:23,1
DA:24,3
DA:25,3
DA:27,1
DA:28,1
DA:29,1
DA:30,1
DA:31,1
DA:32,1
DA:33,1
DA:34,1
DA:35,1
DA:36,1
DA:38,1
DA:40,1
DA:41,1
DA:42,1
DA:43,1
DA:44,1
DA:45,1
DA:47,6
DA:48,6
DA:49,6
DA:50,1
DA:51,6
DA:52,1
DA:53,1
DA:55,0
DA:56,0
DA:57,0
DA:58,0
DA:59,0
DA:60,0
DA:61,0
DA:63,0
DA:64,0
DA:65,0
DA:66,0
DA:67,0
DA:68,0
DA:69,0
DA:70,0
DA:71,0
DA:72,0
DA:73,0
DA:75,0
DA:76,0
DA:77,0
DA:78,0
DA:79,0
DA:80,0
DA:82,0
DA:83,0
DA:85,6
DA:86,6
DA:87,6
DA:88,0
DA:89,0
DA:90,0
DA:91,6
DA:92,0
DA:93,0
DA:94,6
DA:96,6
DA:97,6
DA:98,0
DA:99,0
DA:100,0
DA:101,6
DA:102,6
DA:104,2
DA:105,2
DA:106,2
DA:107,2
DA:108,0
DA:114,0
DA:115,0
DA:117,0
DA:118,0
DA:119,0
DA:120,0
DA:122,2
DA:123,0
DA:124,0
DA:125,0
DA:126,0
DA:127,0
DA:128,2
DA:130,2
DA:131,0
DA:132,0
DA:133,0
DA:135,2
DA:136,2
DA:138,0
DA:139,0
DA:140,0
DA:141,0
DA:142,0
DA:143,0
DA:144,0
DA:146,0
DA:147,0
DA:148,0
DA:149,0
DA:151,0
DA:152,0
DA:153,0
DA:154,0
DA:155,0
DA:157,0
DA:158,0
DA:160,1
DA:172,1
DA:173,1
DA:174,1
DA:176,1
DA:177,1
DA:178,1
DA:179,0
DA:180,0
DA:181,0
DA:182,1
DA:184,1
DA:185,0
DA:187,0
DA:188,0
DA:189,0
DA:190,0
DA:191,0
DA:192,0
DA:193,0
DA:195,1
DA:196,2
DA:197,2
DA:198,2
DA:199,2
DA:200,2
DA:201,2
DA:202,2
DA:203,2
DA:204,2
DA:205,2
DA:206,2
DA:207,2
DA:208,2
DA:210,1
DA:211,2
DA:212,2
DA:213,2
DA:214,1
DA:215,2
DA:217,1
DA:218,8
DA:219,1
DA:220,1
DA:221,1
DA:223,7
DA:224,7
DA:225,7
DA:226,7
DA:228,8
DA:229,0
DA:230,0
DA:231,0
DA:233,8
DA:234,0
DA:235,0
DA:236,0
DA:237,8
DA:238,1
DA:239,1
DA:240,1
DA:242,8
DA:243,0
DA:244,0
DA:245,0
DA:247,6
DA:248,8
DA:249,4
DA:250,8
DA:251,1
DA:252,1
DA:253,1
DA:254,1
DA:256,8
DA:258,8
DA:259,8
DA:260,8
DA:261,8
DA:262,8
DA:263,8
DA:264,8
DA:265,8
DA:266,8
DA:268,8
DA:269,1
DA:270,1
DA:271,0
DA:272,0
DA:273,0
DA:274,1
DA:275,1
DA:276,8
DA:277,5
DA:278,5
DA:280,6
DA:281,6
DA:282,8
DA:284,1
DA:285,0
DA:286,0
DA:287,0
DA:288,0
DA:289,0
DA:290,0
DA:291,0
DA:292,0
DA:293,0
DA:294,0
DA:295,0
DA:296,0
DA:298,1
DA:299,0
DA:300,0
DA:301,0
DA:302,0
DA:303,0
DA:304,0
DA:305,0
DA:306,0
DA:307,0
DA:308,0
DA:309,0
DA:310,0
DA:311,0
DA:313,1
DA:314,0
DA:315,0
DA:316,0
DA:317,0
DA:318,0
DA:319,0
DA:320,0
DA:321,0
DA:322,0
DA:323,0
DA:324,0
DA:326,1
DA:327,0
DA:328,0
DA:330,0
DA:331,0
DA:332,0
DA:333,0
DA:334,0
DA:335,0
DA:336,0
DA:337,0
DA:339,0
DA:340,0
DA:341,0
DA:342,0
DA:344,0
DA:345,0
DA:346,0
DA:347,0
DA:348,0
DA:349,0
DA:351,0
DA:352,0
DA:353,0
DA:354,0
DA:355,0
DA:356,0
DA:357,0
DA:358,0
DA:359,0
DA:360,0
DA:361,0
DA:362,0
DA:363,0
DA:364,0
DA:365,0
DA:366,0
DA:367,0
DA:368,0
DA:369,0
DA:370,0
DA:371,0
DA:372,0
DA:373,0
DA:374,0
DA:375,0
DA:376,0
DA:377,0
DA:378,0
DA:379,0
DA:380,0
DA:381,0
DA:382,0
DA:383,0
DA:384,0
DA:385,0
DA:386,0
DA:387,0
DA:388,0
DA:389,0
DA:390,0
DA:391,0
DA:392,0
DA:393,0
DA:394,0
DA:395,0
DA:396,0
DA:397,0
DA:398,0
DA:399,0
DA:400,0
DA:401,0
DA:402,0
DA:403,0
DA:404,0
DA:405,0
DA:406,0
DA:407,0
DA:408,0
DA:409,0
DA:410,0
DA:411,0
DA:412,0
DA:413,0
DA:415,0
DA:416,0
DA:417,0
DA:418,0
DA:420,0
DA:421,0
DA:423,0
DA:424,0
DA:425,0
DA:426,0
DA:427,0
DA:428,0
DA:429,0
DA:430,0
DA:431,0
DA:432,0
DA:433,0
DA:434,0
DA:435,0
DA:436,0
DA:437,0
DA:438,0
DA:439,0
DA:440,0
DA:441,0
DA:442,0
DA:443,0
DA:444,0
DA:445,0
DA:446,0
DA:447,0
DA:448,0
DA:449,0
DA:450,0
DA:451,0
DA:452,0
DA:453,0
DA:454,0
DA:455,0
DA:456,0
DA:457,0
DA:458,0
DA:459,0
DA:460,0
DA:462,1
DA:463,0
DA:464,0
DA:466,0
DA:468,0
DA:469,0
DA:470,0
DA:471,0
DA:472,0
DA:473,0
DA:475,0
DA:476,0
DA:478,0
DA:479,0
DA:480,0
DA:482,0
DA:483,0
DA:484,0
DA:486,0
DA:487,0
DA:488,0
DA:489,0
DA:490,0
DA:491,0
DA:492,0
DA:493,0
DA:494,0
DA:495,0
DA:496,0
DA:497,0
DA:498,0
DA:499,0
DA:500,0
DA:501,0
DA:502,0
DA:503,0
DA:504,0
DA:505,0
DA:506,0
DA:507,0
DA:508,0
DA:509,0
DA:510,0
DA:511,0
DA:512,0
DA:513,0
DA:514,0
DA:515,0
DA:516,0
DA:517,0
DA:518,0
DA:519,0
DA:521,0
DA:522,0
DA:523,0
DA:524,0
DA:525,0
DA:526,0
DA:527,0
DA:528,0
DA:529,0
DA:530,0
DA:531,0
DA:532,0
DA:533,0
DA:535,0
DA:536,0
DA:538,0
DA:539,0
DA:540,0
DA:541,0
DA:543,0
DA:544,0
DA:545,0
DA:546,0
DA:547,0
DA:548,0
DA:549,0
DA:551,0
DA:552,0
DA:553,0
DA:554,0
DA:555,0
DA:556,0
DA:557,0
DA:558,0
DA:559,0
DA:560,0
DA:561,0
DA:562,0
DA:563,0
DA:564,0
DA:565,0
DA:567,0
DA:568,0
DA:569,0
DA:571,0
DA:573,0
DA:574,0
DA:575,0
DA:576,0
DA:577,0
DA:578,0
DA:580,0
DA:581,0
DA:582,0
DA:584,0
DA:585,0
DA:586,0
DA:587,0
DA:588,0
DA:589,0
DA:590,0
DA:591,0
DA:592,0
DA:593,0
DA:594,0
DA:595,0
DA:596,0
DA:597,0
DA:598,0
DA:599,0
DA:600,0
DA:601,0
DA:602,0
DA:603,0
DA:604,0
DA:605,0
DA:606,0
DA:607,0
DA:608,0
DA:609,0
DA:610,0
DA:611,0
DA:612,0
DA:613,0
DA:614,0
DA:615,0
DA:616,0
DA:617,0
DA:618,0
DA:619,0
DA:620,0
DA:621,0
DA:622,0
DA:623,1
LF:540
LH:141
BRDA:7,0,0,3
BRDA:8,1,0,4
BRDA:10,2,0,3
BRDA:10,3,0,3
BRDA:13,4,0,0
BRDA:17,5,0,3
BRDA:18,6,0,1
BRDA:19,7,0,0
BRDA:20,8,0,2
BRDA:21,9,0,1
BRDA:22,10,0,0
BRDA:24,11,0,0
BRDA:40,12,0,1
BRDA:47,13,0,6
BRDA:48,14,0,1
BRDA:48,15,0,5
BRDA:49,16,0,4
BRDA:49,17,0,1
BRDA:51,18,0,0
BRDA:51,19,0,1
BRDA:85,20,0,6
BRDA:97,21,0,0
BRDA:86,22,0,6
BRDA:87,23,0,0
BRDA:91,24,0,0
BRDA:104,25,0,2
BRDA:130,26,0,0
BRDA:106,27,0,2
BRDA:107,28,0,0
BRDA:122,29,0,0
BRDA:122,30,0,0
BRDA:173,31,0,1
BRDA:174,32,0,0
BRDA:178,33,0,0
BRDA:195,34,0,2
BRDA:203,35,0,0
BRDA:210,36,0,2
BRDA:211,37,0,1
BRDA:211,38,0,0
BRDA:213,39,0,1
BRDA:217,40,0,8
BRDA:218,41,0,1
BRDA:221,42,0,7
BRDA:228,43,0,0
BRDA:231,44,0,7
BRDA:233,45,0,0
BRDA:236,46,0,7
BRDA:237,47,0,1
BRDA:240,48,0,6
BRDA:242,49,0,1
BRDA:242,50,0,0
BRDA:245,51,0,6
BRDA:248,52,0,4
BRDA:250,53,0,2
BRDA:250,54,0,1
BRDA:254,55,0,6
BRDA:256,56,0,1
BRDA:259,57,0,1
BRDA:259,58,0,5
BRDA:262,59,0,0
BRDA:268,60,0,1
BRDA:270,61,0,0
BRDA:276,62,0,5
BRDA:278,63,0,6
BRDA:269,64,0,1
BRF:65
BRH:44
end_of_record
TN:
SF:src\app-core\methods\ui.ts
FN:1,(empty-report)
FNF:1
FNH:1
FNDA:1,(empty-report)
DA:2,0
DA:3,0
DA:4,0
DA:6,0
DA:33,0
DA:34,0
DA:35,0
DA:36,0
DA:37,0
LF:9
LH:0
BRDA:1,0,0,1
BRF:1
BRH:1
end_of_record
TN:
SF:src\app-core\methods\ui\base.ts
FN:7,formatLocalDate
FN:27,toggleTheme
FN:31,notify
FN:37,askConfirmation
FN:48,runConfirmAction
FN:56,cancelConfirmAction
FN:61,formatCurrency
FN:66,safeFixed
FN:70,toggleChartView
FN:74,togglePortfolioChartView
FN:78,calculateSaleProfit
FN:86,getSaleColor
FN:92,getSaleIcon
FN:98,formatDate
FNF:14
FNH:2
FNDA:2,formatLocalDate
FNDA:0,toggleTheme
FNDA:0,notify
FNDA:0,askConfirmation
FNDA:0,runConfirmAction
FNDA:0,cancelConfirmAction
FNDA:0,formatCurrency
FNDA:0,safeFixed
FNDA:0,toggleChartView
FNDA:0,togglePortfolioChartView
FNDA:0,calculateSaleProfit
FNDA:0,getSaleColor
FNDA:0,getSaleIcon
FNDA:3,formatDate
DA:4,1
DA:5,1
DA:7,2
DA:8,2
DA:9,2
DA:11,1
DA:26,1
DA:27,1
DA:28,0
DA:29,0
DA:31,1
DA:32,0
DA:33,0
DA:34,0
DA:35,0
DA:37,1
DA:38,0
DA:39,0
DA:40,0
DA:41,0
DA:42,0
DA:43,0
DA:44,0
DA:45,0
DA:46,0
DA:48,1
DA:49,0
DA:50,0
DA:51,0
DA:52,0
DA:53,0
DA:54,0
DA:56,1
DA:57,0
DA:58,0
DA:59,0
DA:61,1
DA:62,0
DA:63,0
DA:64,0
DA:66,1
DA:67,0
DA:68,0
DA:70,1
DA:71,0
DA:72,0
DA:74,1
DA:75,0
DA:76,0
DA:78,1
DA:79,0
DA:80,0
DA:81,0
DA:82,0
DA:83,0
DA:84,0
DA:86,1
DA:87,0
DA:88,0
DA:89,0
DA:90,0
DA:92,1
DA:93,0
DA:94,0
DA:95,0
DA:96,0
DA:98,1
DA:99,3
DA:102,3
DA:103,1
DA:104,1
DA:105,1
DA:106,1
DA:107,1
DA:108,1
DA:110,2
DA:111,3
DA:112,1
DA:113,1
DA:114,1
DA:115,1
DA:116,1
DA:117,1
DA:118,1
DA:119,1
DA:121,1
DA:122,1
DA:123,1
DA:124,1
DA:125,0
DA:126,3
DA:127,1
LF:92
LH:44
BRDA:7,0,0,2
BRDA:98,1,0,3
BRDA:99,2,0,0
BRDA:102,3,0,1
BRDA:108,4,0,2
BRDA:111,5,0,1
BRDA:124,6,0,0
BRDA:103,7,0,3
BRF:8
BRH:6
end_of_record
TN:
SF:src\app-core\methods\ui\entitlements-purchase.ts
FN:25,startProPurchase
FN:51,verifyProPurchase
FN:77,startPlayPurchase
FN:206,verifyPlayPurchase
FNF:4
FNH:0
FNDA:0,startProPurchase
FNDA:0,verifyProPurchase
FNDA:0,startPlayPurchase
FNDA:0,verifyPlayPurchase
DA:1,1
DA:8,1
DA:15,1
DA:22,1
DA:24,1
DA:25,1
DA:26,0
DA:28,0
DA:29,0
DA:30,0
DA:31,0
DA:32,0
DA:33,0
DA:34,0
DA:35,0
DA:36,0
DA:38,0
DA:39,0
DA:40,0
DA:41,0
DA:43,0
DA:44,0
DA:45,0
DA:46,0
DA:47,0
DA:48,0
DA:49,0
DA:51,1
DA:52,0
DA:54,0
DA:55,0
DA:56,0
DA:57,0
DA:58,0
DA:59,0
DA:60,0
DA:61,0
DA:62,0
DA:64,0
DA:65,0
DA:66,0
DA:67,0
DA:69,0
DA:70,0
DA:71,0
DA:72,0
DA:73,0
DA:74,0
DA:75,0
DA:77,1
DA:78,0
DA:79,0
DA:80,0
DA:82,0
DA:83,0
DA:84,0
DA:85,0
DA:87,0
DA:88,0
DA:89,0
DA:90,0
DA:91,0
DA:93,0
DA:94,0
DA:95,0
DA:96,0
DA:97,0
DA:99,0
DA:100,0
DA:101,0
DA:102,0
DA:103,0
DA:104,0
DA:106,0
DA:107,0
DA:109,0
DA:110,0
DA:111,0
DA:112,0
DA:113,0
DA:114,0
DA:116,0
DA:117,0
DA:118,0
DA:119,0
DA:120,0
DA:121,0
DA:122,0
DA:123,0
DA:124,0
DA:125,0
DA:126,0
DA:127,0
DA:128,0
DA:129,0
DA:130,0
DA:131,0
DA:132,0
DA:133,0
DA:134,0
DA:135,0
DA:136,0
DA:137,0
DA:138,0
DA:139,0
DA:141,0
DA:142,0
DA:143,0
DA:144,0
DA:145,0
DA:147,0
DA:148,0
DA:149,0
DA:150,0
DA:151,0
DA:152,0
DA:153,0
DA:155,0
DA:156,0
DA:157,0
DA:158,0
DA:159,0
DA:160,0
DA:161,0
DA:162,0
DA:163,0
DA:164,0
DA:165,0
DA:166,0
DA:168,0
DA:169,0
DA:170,0
DA:171,0
DA:172,0
DA:173,0
DA:174,0
DA:175,0
DA:176,0
DA:177,0
DA:178,0
DA:179,0
DA:180,0
DA:181,0
DA:182,0
DA:183,0
DA:184,0
DA:185,0
DA:186,0
DA:187,0
DA:188,0
DA:189,0
DA:190,0
DA:191,0
DA:193,0
DA:194,0
DA:195,0
DA:196,0
DA:198,0
DA:199,0
DA:200,0
DA:201,0
DA:202,0
DA:203,0
DA:204,0
DA:206,1
DA:207,0
DA:208,0
DA:209,0
DA:211,0
DA:212,0
DA:213,0
DA:214,0
DA:215,0
DA:217,0
DA:218,0
DA:219,0
DA:220,0
DA:221,0
DA:223,0
DA:224,0
DA:225,0
DA:226,0
DA:227,0
DA:229,0
DA:231,0
DA:232,0
DA:233,0
DA:234,0
DA:235,0
DA:236,0
DA:237,0
DA:238,0
DA:239,0
DA:240,0
DA:241,0
DA:242,0
DA:243,0
DA:244,0
DA:245,0
DA:246,0
DA:247,0
DA:248,0
DA:249,0
DA:250,1
LF:204
LH:10
BRF:0
BRH:0
end_of_record
TN:
SF:src\app-core\methods\ui\entitlements-shared.ts
FN:24,decodeGoogleIdTokenClaims
FN:44,cacheGoogleProfileFromToken
FN:73,formatPlayPurchaseError
FN:92,isAlreadyOwnedPurchaseError
FN:154,applyTargetProfitAccessDefaults
FN:172,hasPlayPurchaseSupport
FNF:6
FNH:1
FNDA:0,decodeGoogleIdTokenClaims
FNDA:0,cacheGoogleProfileFromToken
FNDA:0,formatPlayPurchaseError
FNDA:0,isAlreadyOwnedPurchaseError
FNDA:1,applyTargetProfitAccessDefaults
FNDA:0,hasPlayPurchaseSupport
DA:2,1
DA:3,1
DA:24,0
DA:25,0
DA:26,0
DA:28,0
DA:29,0
DA:31,0
DA:32,0
DA:33,0
DA:34,0
DA:35,0
DA:36,0
DA:37,0
DA:38,0
DA:39,0
DA:40,0
DA:41,0
DA:42,0
DA:44,1
DA:45,0
DA:46,0
DA:48,0
DA:49,0
DA:50,0
DA:52,0
DA:54,0
DA:55,0
DA:56,0
DA:57,0
DA:58,0
DA:59,0
DA:60,0
DA:61,0
DA:62,0
DA:64,0
DA:65,0
DA:66,0
DA:67,0
DA:68,0
DA:70,0
DA:71,0
DA:73,1
DA:74,0
DA:75,0
DA:76,0
DA:77,0
DA:78,0
DA:79,0
DA:80,0
DA:81,0
DA:82,0
DA:83,0
DA:84,0
DA:85,0
DA:86,0
DA:87,0
DA:88,0
DA:89,0
DA:90,0
DA:92,1
DA:93,0
DA:94,0
DA:102,0
DA:103,0
DA:104,0
DA:105,0
DA:106,0
DA:107,0
DA:108,0
DA:109,0
DA:110,0
DA:111,0
DA:113,0
DA:114,0
DA:115,0
DA:116,0
DA:117,0
DA:118,0
DA:119,0
DA:120,0
DA:121,0
DA:122,0
DA:123,0
DA:124,0
DA:125,0
DA:127,0
DA:128,0
DA:129,0
DA:130,0
DA:131,0
DA:132,0
DA:133,0
DA:134,0
DA:135,0
DA:137,0
DA:138,0
DA:139,0
DA:140,0
DA:141,0
DA:142,0
DA:143,0
DA:144,0
DA:145,0
DA:147,0
DA:148,0
DA:149,0
DA:150,0
DA:151,0
DA:152,0
DA:154,1
DA:155,1
DA:157,1
DA:158,0
DA:159,0
DA:160,0
DA:161,0
DA:162,0
DA:163,0
DA:165,1
DA:166,1
DA:167,1
DA:168,1
DA:169,1
DA:170,1
DA:172,0
DA:173,0
DA:174,0
DA:175,0
DA:177,0
DA:178,0
DA:179,0
LF:132
LH:14
BRDA:154,0,0,1
BRDA:155,1,0,0
BRDA:157,2,0,0
BRF:3
BRH:1
end_of_record
TN:
SF:src\app-core\methods\ui\entitlements-signin.ts
FN:18,initGoogleAutoLogin
FN:39,getGoogleIdentity
FN:40,onCredential
FN:48,schedule
FN:54,promptGoogleSignIn
FN:95,openVerifyPurchaseModal
FNF:6
FNH:3
FNDA:1,initGoogleAutoLogin
FNDA:1,getGoogleIdentity
FNDA:0,onCredential
FNDA:1,schedule
FNDA:0,promptGoogleSignIn
FNDA:0,openVerifyPurchaseModal
DA:1,1
DA:8,1
DA:15,1
DA:17,1
DA:18,1
DA:19,1
DA:20,1
DA:21,1
DA:22,0
DA:23,1
DA:24,1
DA:26,1
DA:27,1
DA:28,1
DA:29,1
DA:30,1
DA:32,1
DA:33,0
DA:34,0
DA:35,0
DA:37,1
DA:38,1
DA:39,1
DA:40,1
DA:41,0
DA:42,0
DA:43,0
DA:44,0
DA:45,0
DA:46,1
DA:47,1
DA:48,1
DA:49,1
DA:50,1
DA:51,1
DA:52,1
DA:54,1
DA:55,0
DA:56,0
DA:57,0
DA:58,0
DA:59,0
DA:61,0
DA:62,0
DA:63,0
DA:64,0
DA:65,0
DA:66,0
DA:67,0
DA:68,0
DA:69,0
DA:71,0
DA:72,0
DA:73,0
DA:74,0
DA:75,0
DA:77,0
DA:78,0
DA:79,0
DA:80,0
DA:81,0
DA:82,0
DA:83,0
DA:84,0
DA:85,0
DA:86,0
DA:87,0
DA:88,0
DA:89,0
DA:90,0
DA:92,0
DA:93,0
DA:95,1
DA:96,0
DA:97,0
DA:98,0
DA:100,0
DA:101,0
DA:102,0
DA:103,0
DA:104,0
DA:106,0
DA:107,0
DA:108,1
LF:84
LH:30
BRDA:18,0,0,1
BRDA:21,1,0,0
BRDA:32,2,0,0
BRDA:39,3,0,1
BRDA:39,4,0,0
BRDA:48,5,0,1
BRF:6
BRH:3
end_of_record
TN:
SF:src\app-core\methods\ui\entitlements-status.ts
FN:16,debugLogEntitlement
FNF:1
FNH:0
FNDA:0,debugLogEntitlement
DA:1,1
DA:13,1
DA:15,1
DA:16,1
DA:17,0
DA:18,0
DA:19,0
DA:20,0
DA:21,0
DA:22,0
DA:23,0
DA:25,0
DA:26,0
DA:27,0
DA:28,0
DA:29,0
DA:30,0
DA:31,0
DA:32,0
DA:33,0
DA:34,0
DA:35,0
DA:36,0
DA:37,0
DA:38,0
DA:39,0
DA:40,0
DA:42,0
DA:43,0
DA:44,0
DA:46,0
DA:48,0
DA:49,0
DA:50,0
DA:51,0
DA:53,0
DA:54,0
DA:55,0
DA:56,0
DA:57,0
DA:58,0
DA:60,0
DA:61,0
DA:62,0
DA:63,0
DA:64,0
DA:65,0
DA:66,0
DA:68,0
DA:69,0
DA:70,0
DA:71,0
DA:73,0
DA:74,0
DA:75,0
DA:76,0
DA:77,0
DA:78,0
DA:79,0
DA:80,0
DA:81,0
DA:83,0
DA:84,0
DA:85,0
DA:86,0
DA:87,0
DA:89,0
DA:90,0
DA:91,0
DA:92,0
DA:93,0
DA:94,0
DA:95,0
DA:96,0
DA:97,0
DA:98,0
DA:99,0
DA:100,1
LF:78
LH:5
BRF:0
BRH:0
end_of_record
TN:
SF:src\app-core\methods\ui\entitlements.ts
FNF:0
FNH:0
DA:1,1
DA:3,1
DA:4,1
DA:6,1
DA:15,1
DA:16,1
DA:17,1
DA:18,1
DA:19,1
LF:9
LH:9
BRF:0
BRH:0
end_of_record
TN:
SF:src\app-core\methods\ui\shared.ts
FN:88,resolvePurchaseProvider
FN:96,getSupportedPurchaseProviders
FN:100,resolveApiBaseUrl
FN:110,getEntitlementTtlMs
FN:119,readEntitlementCache
FN:138,writeEntitlementCache
FN:147,clearEntitlementCache
FN:151,sleep
FN:157,bytesToHex
FN:163,buildPurchaseIdempotencyKey
FN:185,isRetryableStatus
FN:189,isRetryableError
FN:194,parseRetryAfterMs
FN:211,fetchWithRetry
FN:255,handleExpiredAuth
FN:268,postPurchaseVerification
FN:285,submitPlayPurchaseVerification
FNF:17
FNH:8
FNDA:0,resolvePurchaseProvider
FNDA:0,getSupportedPurchaseProviders
FNDA:0,resolveApiBaseUrl
FNDA:0,getEntitlementTtlMs
FNDA:1,readEntitlementCache
FNDA:4,writeEntitlementCache
FNDA:0,clearEntitlementCache
FNDA:0,sleep
FNDA:4,bytesToHex
FNDA:4,buildPurchaseIdempotencyKey
FNDA:4,isRetryableStatus
FNDA:0,isRetryableError
FNDA:0,parseRetryAfterMs
FNDA:4,fetchWithRetry
FNDA:0,handleExpiredAuth
FNDA:4,postPurchaseVerification
FNDA:4,submitPlayPurchaseVerification
DA:3,1
DA:71,1
DA:73,1
DA:74,1
DA:75,1
DA:76,1
DA:77,1
DA:78,1
DA:79,1
DA:80,1
DA:81,1
DA:82,1
DA:84,1
DA:85,1
DA:86,1
DA:88,1
DA:89,0
DA:90,0
DA:91,0
DA:92,0
DA:93,0
DA:94,0
DA:96,1
DA:97,0
DA:98,0
DA:100,1
DA:101,0
DA:102,0
DA:103,0
DA:104,0
DA:105,0
DA:106,0
DA:107,0
DA:108,0
DA:110,1
DA:111,0
DA:112,0
DA:113,0
DA:114,0
DA:115,0
DA:116,0
DA:117,0
DA:119,1
DA:120,1
DA:121,1
DA:123,1
DA:124,1
DA:125,1
DA:126,1
DA:127,1
DA:128,1
DA:129,1
DA:130,1
DA:131,1
DA:132,1
DA:133,1
DA:134,0
DA:135,0
DA:136,1
DA:138,1
DA:143,4
DA:144,4
DA:145,4
DA:147,1
DA:148,0
DA:149,0
DA:151,0
DA:152,0
DA:153,0
DA:154,0
DA:155,0
DA:157,4
DA:158,4
DA:159,4
DA:160,4
DA:161,4
DA:163,4
DA:164,4
DA:165,4
DA:166,4
DA:167,4
DA:168,4
DA:169,4
DA:170,4
DA:171,4
DA:172,4
DA:173,4
DA:174,4
DA:175,4
DA:177,0
DA:178,0
DA:179,0
DA:180,0
DA:181,0
DA:182,0
DA:183,0
DA:185,4
DA:186,4
DA:187,4
DA:189,0
DA:190,0
DA:191,0
DA:192,0
DA:194,0
DA:195,0
DA:196,0
DA:198,0
DA:199,0
DA:200,0
DA:201,0
DA:203,0
DA:204,0
DA:205,0
DA:206,0
DA:208,0
DA:209,0
DA:211,4
DA:212,4
DA:213,4
DA:214,4
DA:215,4
DA:216,4
DA:217,4
DA:218,4
DA:219,4
DA:220,4
DA:222,4
DA:223,4
DA:225,4
DA:226,4
DA:228,4
DA:229,4
DA:230,4
DA:231,4
DA:232,4
DA:234,4
DA:235,4
DA:236,4
DA:238,0
DA:239,0
DA:240,0
DA:241,4
DA:242,0
DA:243,0
DA:244,0
DA:245,0
DA:246,0
DA:247,0
DA:248,0
DA:249,4
DA:250,4
DA:251,4
DA:252,4
DA:253,4
DA:255,1
DA:256,0
DA:257,0
DA:258,0
DA:259,0
DA:260,0
DA:261,0
DA:262,0
DA:263,0
DA:264,0
DA:265,0
DA:266,0
DA:268,4
DA:269,4
DA:270,4
DA:271,4
DA:272,4
DA:273,4
DA:274,4
DA:275,4
DA:277,4
DA:278,4
DA:279,4
DA:280,4
DA:281,4
DA:282,4
DA:283,4
DA:285,4
DA:286,4
DA:287,4
DA:288,4
DA:289,4
DA:290,4
DA:291,4
DA:292,4
DA:293,4
DA:294,4
DA:295,4
DA:297,4
DA:298,4
DA:299,4
DA:300,4
DA:302,4
DA:303,4
DA:305,4
DA:306,4
DA:307,4
DA:308,4
DA:309,4
DA:310,4
DA:312,4
DA:313,0
DA:314,0
DA:315,0
DA:316,0
DA:318,4
DA:319,0
DA:320,0
DA:321,0
DA:322,0
DA:323,0
DA:324,0
DA:325,0
DA:327,0
DA:328,0
DA:329,0
DA:330,0
DA:331,0
DA:332,0
DA:333,0
DA:335,4
DA:336,0
DA:337,0
DA:338,0
DA:339,0
DA:340,0
DA:341,0
DA:342,0
DA:343,0
DA:344,0
DA:346,0
DA:347,0
DA:348,0
DA:349,0
DA:351,4
DA:352,4
DA:353,4
DA:354,4
DA:355,0
DA:356,0
DA:358,4
DA:359,4
DA:360,4
DA:361,4
DA:363,4
DA:364,4
DA:365,4
DA:366,4
DA:367,4
DA:368,4
DA:369,4
DA:370,4
DA:373,4
DA:374,1
DA:375,4
DA:376,4
DA:377,4
LF:261
LH:151
BRDA:119,0,0,1
BRDA:121,1,0,0
BRDA:125,2,0,0
BRDA:126,3,0,0
BRDA:128,4,0,0
BRDA:130,5,0,0
BRDA:133,6,0,0
BRDA:138,7,0,4
BRDA:157,8,0,4
BRDA:159,9,0,128
BRDA:163,10,0,4
BRDA:175,11,0,0
BRDA:185,12,0,4
BRDA:186,13,0,0
BRDA:211,14,0,4
BRDA:234,15,0,0
BRDA:236,16,0,0
BRDA:241,17,0,0
BRDA:268,18,0,4
BRDA:285,19,0,4
BRDA:289,20,0,1
BRDA:302,21,0,3
BRDA:303,22,0,0
BRDA:312,23,0,0
BRDA:318,24,0,0
BRDA:335,25,0,0
BRDA:354,26,0,0
BRDA:359,27,0,1
BRDA:359,28,0,3
BRDA:360,29,0,1
BRDA:360,30,0,3
BRDA:361,31,0,1
BRDA:361,32,0,3
BRDA:364,33,0,0
BRDA:373,34,0,1
BRF:35
BRH:18
end_of_record
TN:
SF:src\app-core\methods\ui\sync.ts
FN:19,createSyncPayload
FN:32,getSyncPayloadSignature
FN:46,pullCloudSync
FN:180,startCloudSyncScheduler
FN:187,stopCloudSyncScheduler
FN:193,pushCloudSync
FNF:6
FNH:6
FNDA:3,createSyncPayload
FNDA:3,getSyncPayloadSignature
FNDA:1,pullCloudSync
FNDA:1,startCloudSyncScheduler
FNDA:1,stopCloudSyncScheduler
FNDA:2,pushCloudSync
DA:3,1
DA:19,3
DA:20,3
DA:21,3
DA:22,3
DA:23,3
DA:25,3
DA:26,3
DA:27,3
DA:28,3
DA:29,3
DA:30,3
DA:32,3
DA:33,3
DA:34,3
DA:35,3
DA:36,3
DA:37,3
DA:39,1
DA:45,1
DA:46,1
DA:47,1
DA:48,1
DA:49,1
DA:50,0
DA:51,0
DA:52,0
DA:53,0
DA:55,1
DA:56,1
DA:58,1
DA:59,1
DA:60,0
DA:61,0
DA:62,0
DA:64,1
DA:65,1
DA:66,1
DA:67,1
DA:68,1
DA:69,1
DA:70,1
DA:72,1
DA:73,0
DA:74,0
DA:75,0
DA:76,0
DA:77,0
DA:78,0
DA:79,0
DA:80,0
DA:81,1
DA:82,0
DA:83,0
DA:84,0
DA:85,0
DA:86,0
DA:87,0
DA:88,0
DA:89,0
DA:90,0
DA:91,0
DA:92,0
DA:94,1
DA:102,1
DA:103,1
DA:104,0
DA:105,0
DA:106,0
DA:107,0
DA:108,0
DA:109,0
DA:110,0
DA:111,0
DA:113,1
DA:114,1
DA:115,1
DA:116,0
DA:117,1
DA:118,1
DA:119,1
DA:120,1
DA:121,1
DA:122,1
DA:123,1
DA:124,1
DA:125,0
DA:127,1
DA:128,0
DA:129,0
DA:130,0
DA:131,0
DA:132,0
DA:133,0
DA:134,0
DA:135,0
DA:137,1
DA:138,1
DA:140,1
DA:141,1
DA:142,1
DA:143,1
DA:145,1
DA:146,0
DA:147,1
DA:148,1
DA:149,1
DA:150,1
DA:151,0
DA:152,0
DA:153,0
DA:155,1
DA:156,1
DA:157,1
DA:158,1
DA:159,1
DA:160,1
DA:161,0
DA:162,0
DA:163,1
DA:164,1
DA:165,1
DA:166,1
DA:167,0
DA:168,0
DA:169,0
DA:170,0
DA:171,0
DA:172,0
DA:173,0
DA:174,0
DA:175,0
DA:176,0
DA:177,0
DA:178,1
DA:180,1
DA:181,1
DA:182,1
DA:183,0
DA:184,1
DA:185,1
DA:187,1
DA:188,1
DA:189,1
DA:190,1
DA:191,1
DA:193,1
DA:194,2
DA:195,2
DA:196,2
DA:197,0
DA:198,0
DA:199,0
DA:200,0
DA:202,2
DA:203,2
DA:205,2
DA:206,2
DA:207,2
DA:208,2
DA:209,2
DA:210,2
DA:211,1
DA:212,1
DA:213,1
DA:214,2
DA:215,0
DA:216,0
DA:217,0
DA:219,1
DA:220,1
DA:221,1
DA:222,1
DA:223,1
DA:224,1
DA:225,1
DA:226,1
DA:227,1
DA:229,1
DA:230,1
DA:231,1
DA:232,1
DA:233,0
DA:234,0
DA:235,1
DA:236,1
DA:237,1
DA:238,1
DA:240,0
DA:241,0
DA:242,0
DA:243,0
DA:244,0
DA:245,0
DA:246,0
DA:247,0
DA:248,0
DA:249,0
DA:250,0
DA:251,0
DA:253,0
DA:254,0
DA:255,0
DA:256,0
DA:257,0
DA:258,0
DA:259,0
DA:260,0
DA:261,0
DA:262,0
DA:263,0
DA:264,0
DA:265,0
DA:266,0
DA:267,0
DA:268,0
DA:269,0
DA:270,0
DA:271,0
DA:272,0
DA:273,0
DA:274,0
DA:275,0
DA:276,0
DA:277,2
DA:278,1
LF:226
LH:119
BRDA:19,0,0,3
BRDA:32,1,0,3
BRDA:46,2,0,1
BRDA:48,3,0,0
BRDA:49,4,0,0
BRDA:55,5,0,0
BRDA:56,6,0,0
BRDA:59,7,0,0
BRDA:72,8,0,0
BRDA:81,9,0,0
BRDA:103,10,0,0
BRDA:113,11,0,0
BRDA:115,12,0,0
BRDA:118,13,0,0
BRDA:120,14,0,0
BRDA:121,15,0,0
BRDA:122,16,0,0
BRDA:124,17,0,0
BRDA:127,18,0,0
BRDA:145,19,0,0
BRDA:150,20,0,0
BRDA:166,21,0,0
BRDA:117,22,0,1
BRDA:119,23,0,1
BRDA:140,24,0,1
BRDA:141,25,0,0
BRDA:145,26,0,1
BRDA:180,27,0,1
BRDA:181,28,0,0
BRDA:187,29,0,1
BRDA:188,30,0,0
BRDA:193,31,0,2
BRDA:195,32,0,0
BRDA:196,33,0,0
BRDA:202,34,0,0
BRDA:203,35,0,0
BRDA:205,36,0,0
BRDA:207,37,0,0
BRDA:210,38,0,1
BRDA:210,39,0,1
BRDA:214,40,0,0
BRDA:217,41,0,1
BRDA:238,42,0,0
BRF:43
BRH:13
end_of_record
TN:
SF:src\app-core\utils\googleAutoLogin.ts
FN:30,__resetGoogleAutoLoginForTests
FN:35,initGoogleAutoLoginWithRetry
FN:49,tryInit
FN:61,callback
FNF:4
FNH:4
FNDA:4,__resetGoogleAutoLoginForTests
FNDA:6,initGoogleAutoLoginWithRetry
FNDA:10,tryInit
FNDA:3,callback
DA:26,1
DA:27,1
DA:28,1
DA:30,1
DA:31,4
DA:32,4
DA:33,4
DA:35,1
DA:36,6
DA:37,6
DA:38,6
DA:39,6
DA:40,6
DA:41,6
DA:42,6
DA:43,6
DA:45,6
DA:46,0
DA:47,0
DA:49,6
DA:50,10
DA:51,10
DA:52,6
DA:53,5
DA:54,5
DA:55,5
DA:57,4
DA:58,4
DA:59,4
DA:60,4
DA:61,4
DA:62,3
DA:63,3
DA:64,3
DA:65,3
DA:66,3
DA:67,4
DA:69,4
DA:70,10
DA:71,1
DA:72,1
DA:74,3
DA:75,3
DA:76,3
DA:77,3
DA:78,1
DA:79,3
DA:80,10
DA:82,6
DA:83,6
LF:50
LH:48
BRDA:30,0,0,4
BRDA:35,1,0,6
BRDA:45,2,0,0
BRDA:49,3,0,10
BRDA:51,4,0,6
BRDA:52,5,0,1
BRDA:52,6,0,5
BRDA:55,7,0,9
BRDA:55,8,0,4
BRDA:70,9,0,3
BRDA:70,10,0,9
BRDA:70,11,0,1
BRDA:72,12,0,3
BRDA:53,13,0,4
BRDA:61,14,0,3
BRDA:64,15,0,0
BRDA:77,16,0,1
BRF:17
BRH:15
end_of_record
TN:
SF:src\app-core\utils\playBilling.ts
FN:35,normalizeString
FN:41,normalizePurchaseLike
FN:63,tryParseJson
FN:76,collectPurchaseCandidates
FN:114,extractPurchaseTokenFromResult
FN:137,getPlayBillingService
FN:151,isPlayBillingPaymentRequestSupported
FN:157,purchaseViaPaymentRequest
FN:208,purchasePlayProduct
FNF:9
FNH:5
FNDA:51,normalizeString
FNDA:10,normalizePurchaseLike
FNDA:15,tryParseJson
FNDA:26,collectPurchaseCandidates
FNDA:6,extractPurchaseTokenFromResult
FNDA:0,getPlayBillingService
FNDA:0,isPlayBillingPaymentRequestSupported
FNDA:0,purchaseViaPaymentRequest
FNDA:0,purchasePlayProduct
DA:1,1
DA:35,51
DA:36,51
DA:37,16
DA:38,51
DA:39,51
DA:41,10
DA:42,10
DA:43,0
DA:44,0
DA:46,10
DA:47,10
DA:48,6
DA:49,5
DA:50,4
DA:51,10
DA:52,10
DA:55,10
DA:57,10
DA:58,10
DA:59,10
DA:60,10
DA:61,10
DA:63,15
DA:64,15
DA:65,15
DA:66,13
DA:67,13
DA:69,2
DA:70,2
DA:71,15
DA:72,0
DA:73,0
DA:74,15
DA:76,26
DA:77,26
DA:78,26
DA:79,26
DA:80,26
DA:81,26
DA:82,26
DA:84,26
DA:85,15
DA:86,15
DA:87,2
DA:88,2
DA:89,15
DA:90,15
DA:92,26
DA:93,1
DA:94,2
DA:95,2
DA:96,1
DA:97,1
DA:99,26
DA:100,0
DA:101,0
DA:103,10
DA:104,10
DA:106,10
DA:108,10
DA:109,26
DA:110,16
DA:111,16
DA:112,10
DA:114,1
DA:115,6
DA:116,6
DA:117,6
DA:118,6
DA:119,6
DA:120,6
DA:121,6
DA:123,6
DA:124,2
DA:125,2
DA:127,6
DA:128,3
DA:129,3
DA:130,3
DA:131,3
DA:132,3
DA:134,1
DA:135,1
DA:137,0
DA:138,0
DA:139,0
DA:140,0
DA:141,0
DA:142,0
DA:144,0
DA:145,0
DA:146,0
DA:147,0
DA:148,0
DA:149,0
DA:151,1
DA:152,0
DA:153,0
DA:154,0
DA:155,0
DA:157,0
DA:158,0
DA:159,0
DA:160,0
DA:161,0
DA:162,0
DA:163,0
DA:165,0
DA:166,0
DA:167,0
DA:168,0
DA:170,0
DA:171,0
DA:172,0
DA:173,0
DA:174,0
DA:175,0
DA:176,0
DA:177,0
DA:178,0
DA:179,0
DA:180,0
DA:181,0
DA:182,0
DA:184,0
DA:185,0
DA:186,0
DA:187,0
DA:188,0
DA:189,0
DA:190,0
DA:191,0
DA:192,0
DA:193,0
DA:194,0
DA:195,0
DA:196,0
DA:197,0
DA:198,0
DA:199,0
DA:200,0
DA:201,0
DA:202,0
DA:204,0
DA:205,0
DA:206,0
DA:208,0
DA:209,0
DA:210,0
DA:211,0
DA:212,0
DA:213,0
DA:214,0
DA:215,0
DA:217,0
DA:218,0
DA:219,0
DA:220,0
DA:222,0
DA:223,0
DA:224,0
DA:226,0
DA:227,0
DA:228,0
LF:165
LH:79
BRDA:35,0,0,51
BRDA:36,1,0,35
BRDA:36,2,0,16
BRDA:38,3,0,0
BRDA:41,4,0,10
BRDA:42,5,0,0
BRDA:47,6,0,6
BRDA:48,7,0,5
BRDA:49,8,0,4
BRDA:55,9,0,6
BRDA:55,10,0,2
BRDA:55,11,0,4
BRDA:63,12,0,15
BRDA:65,13,0,13
BRDA:65,14,0,13
BRDA:67,15,0,2
BRDA:71,16,0,0
BRDA:76,17,0,26
BRDA:82,18,0,0
BRDA:84,19,0,15
BRDA:86,20,0,2
BRDA:90,21,0,11
BRDA:92,22,0,1
BRDA:93,23,0,2
BRDA:97,24,0,10
BRDA:99,25,0,0
BRDA:101,26,0,10
BRDA:103,27,0,0
BRDA:103,28,0,10
BRDA:109,29,0,16
BRDA:111,30,0,10
BRDA:114,31,0,6
BRDA:123,32,0,2
BRDA:125,33,0,4
BRDA:127,34,0,3
BRDA:132,35,0,1
BRDA:121,36,0,10
BRDA:128,37,0,4
BRF:38
BRH:32
end_of_record
TN:
SF:src\components\LivePriceCard.ts
FN:1,(empty-report)
FNF:1
FNH:0
FNDA:0,(empty-report)
DA:1,0
DA:6,0
DA:7,0
DA:8,0
DA:9,0
DA:10,0
DA:11,0
DA:12,0
DA:13,0
DA:14,0
DA:15,0
DA:16,0
DA:17,0
DA:18,0
DA:19,0
DA:20,0
DA:21,0
DA:22,0
DA:23,0
DA:24,0
DA:25,0
DA:26,0
DA:27,0
DA:28,0
DA:29,0
DA:30,0
DA:31,0
DA:32,0
DA:33,0
DA:34,0
DA:35,0
DA:36,0
DA:37,0
DA:38,0
DA:39,0
DA:40,0
DA:41,0
DA:42,0
DA:43,0
DA:44,0
DA:45,0
DA:46,0
DA:47,0
DA:48,0
DA:49,0
DA:50,0
DA:51,0
DA:52,0
DA:53,0
DA:54,0
DA:55,0
DA:56,0
DA:57,0
DA:58,0
DA:59,0
DA:60,0
DA:61,0
DA:62,0
DA:133,0
LF:59
LH:0
BRDA:1,0,0,0
BRF:1
BRH:0
end_of_record
TN:
SF:src\components\modals\AutoCalculateModal.ts
FN:1,(empty-report)
FNF:1
FNH:0
FNDA:0,(empty-report)
DA:1,0
DA:2,0
DA:3,0
DA:5,0
DA:6,0
DA:7,0
DA:8,0
DA:9,0
DA:10,0
DA:11,0
DA:12,0
DA:13,0
DA:14,0
DA:15,0
DA:16,0
DA:17,0
DA:18,0
DA:19,0
LF:18
LH:0
BRDA:1,0,0,0
BRF:1
BRH:0
end_of_record
TN:
SF:src\components\windows\ConfigWindow.ts
FN:1,(empty-report)
FNF:1
FNH:0
FNDA:0,(empty-report)
DA:1,0
DA:2,0
DA:3,0
DA:4,0
DA:6,0
DA:7,0
DA:8,0
DA:9,0
DA:10,0
DA:11,0
DA:12,0
DA:13,0
DA:14,0
DA:15,0
DA:16,0
DA:17,0
DA:18,0
DA:19,0
DA:20,0
DA:21,0
DA:22,0
DA:23,0
DA:24,0
DA:25,0
DA:26,0
LF:25
LH:0
BRDA:1,0,0,0
BRF:1
BRH:0
end_of_record
TN:
SF:src\components\windows\LiveWindow.ts
FN:1,(empty-report)
FNF:1
FNH:0
FNDA:0,(empty-report)
DA:1,0
DA:2,0
DA:3,0
DA:4,0
DA:5,0
DA:7,0
DA:8,0
DA:9,0
DA:10,0
DA:11,0
DA:12,0
DA:13,0
DA:14,0
DA:15,0
DA:16,0
DA:17,0
DA:18,0
DA:19,0
DA:20,0
DA:21,0
DA:22,0
DA:23,0
DA:24,0
DA:25,0
DA:26,0
DA:27,0
DA:28,0
DA:29,0
DA:30,0
DA:31,0
DA:32,0
DA:33,0
DA:34,0
DA:35,0
DA:36,0
DA:37,0
DA:38,0
DA:39,0
DA:40,0
DA:41,0
LF:40
LH:0
BRDA:1,0,0,0
BRF:1
BRH:0
end_of_record
TN:
SF:src\components\windows\PortfolioWindow.ts
FN:1,(empty-report)
FNF:1
FNH:0
FNDA:0,(empty-report)
DA:1,0
DA:2,0
DA:3,0
DA:4,0
DA:6,0
DA:7,0
DA:8,0
DA:9,0
DA:10,0
DA:11,0
DA:12,0
DA:13,0
DA:14,0
DA:15,0
DA:16,0
DA:17,0
DA:18,0
DA:19,0
DA:20,0
DA:21,0
DA:22,0
DA:23,0
DA:24,0
DA:25,0
DA:26,0
DA:27,0
DA:28,0
DA:29,0
DA:30,0
LF:29
LH:0
BRDA:1,0,0,0
BRF:1
BRH:0
end_of_record
TN:
SF:src\components\windows\SalesWindow.ts
FN:1,(empty-report)
FNF:1
FNH:0
FNDA:0,(empty-report)
DA:1,0
DA:2,0
DA:3,0
DA:4,0
DA:6,0
DA:7,0
DA:8,0
DA:9,0
DA:10,0
DA:11,0
DA:12,0
DA:13,0
DA:14,0
DA:15,0
DA:16,0
DA:17,0
DA:18,0
DA:19,0
DA:20,0
DA:21,0
DA:22,0
DA:23,0
DA:24,0
DA:25,0
DA:26,0
DA:27,0
DA:28,0
DA:29,0
DA:30,0
LF:29
LH:0
BRDA:1,0,0,0
BRF:1
BRH:0
end_of_record
TN:
SF:src\components\windows\bridge.ts
FN:1,(empty-report)
FNF:1
FNH:0
FNDA:0,(empty-report)
DA:1,0
DA:3,0
DA:5,0
DA:6,0
DA:7,0
DA:8,0
DA:9,0
DA:10,0
DA:11,0
DA:12,0
LF:10
LH:0
BRDA:1,0,0,0
BRF:1
BRH:0
end_of_record
TN:
SF:src\components\windows\contextBridge.ts
FN:5,looksLikeAppContext
FN:18,resolveWindowContext
FN:43,createWindowContextBridge
FN:48,readValue
FN:59,hasKey
FN:69,listKeys
FN:82,has
FN:85,ownKeys
FN:88,getOwnPropertyDescriptor
FN:99,get
FN:106,set
FNF:11
FNH:10
FNDA:11,looksLikeAppContext
FNDA:5,resolveWindowContext
FNDA:1,createWindowContextBridge
FNDA:3,readValue
FNDA:2,hasKey
FNDA:1,listKeys
FNDA:2,has
FNDA:1,ownKeys
FNDA:0,getOwnPropertyDescriptor
FNDA:3,get
FNDA:2,set
DA:1,1
DA:5,11
DA:6,11
DA:7,8
DA:8,8
DA:9,5
DA:10,5
DA:11,5
DA:12,5
DA:13,5
DA:14,5
DA:16,11
DA:18,1
DA:19,5
DA:20,2
DA:21,2
DA:23,3
DA:24,5
DA:25,1
DA:26,1
DA:28,5
DA:31,5
DA:32,1
DA:33,1
DA:35,1
DA:36,5
DA:37,1
DA:38,1
DA:40,0
DA:41,0
DA:43,1
DA:44,1
DA:46,1
DA:48,1
DA:49,3
DA:50,3
DA:51,2
DA:52,2
DA:53,3
DA:54,0
DA:55,0
DA:56,1
DA:57,3
DA:59,1
DA:60,2
DA:61,1
DA:62,1
DA:63,2
DA:64,1
DA:65,1
DA:66,0
DA:67,2
DA:69,1
DA:70,1
DA:71,1
DA:72,1
DA:73,1
DA:74,1
DA:75,1
DA:76,1
DA:77,1
DA:79,1
DA:80,1
DA:81,1
DA:82,1
DA:83,2
DA:84,2
DA:85,1
DA:86,1
DA:87,1
DA:88,1
DA:89,0
DA:90,0
DA:91,0
DA:92,0
DA:93,0
DA:94,0
DA:95,0
DA:96,0
DA:97,0
DA:98,0
DA:99,1
DA:100,3
DA:101,3
DA:102,1
DA:103,1
DA:104,2
DA:105,3
DA:106,1
DA:107,2
DA:108,1
DA:109,1
DA:110,1
DA:111,1
DA:112,1
DA:113,2
DA:114,1
DA:115,1
DA:116,1
LF:99
LH:84
BRDA:5,0,0,11
BRDA:6,1,0,8
BRDA:6,2,0,3
BRDA:6,3,0,8
BRDA:8,4,0,5
BRDA:9,5,0,5
BRDA:10,6,0,5
BRDA:11,7,0,5
BRDA:12,8,0,5
BRDA:13,9,0,5
BRDA:18,10,0,5
BRDA:19,11,0,2
BRDA:21,12,0,3
BRDA:24,13,0,1
BRDA:26,14,0,2
BRDA:28,15,0,1
BRDA:31,16,0,1
BRDA:36,17,0,1
BRDA:38,18,0,0
BRDA:43,19,0,1
BRDA:48,20,0,3
BRDA:50,21,0,2
BRDA:52,22,0,1
BRDA:53,23,0,0
BRDA:55,24,0,1
BRDA:59,25,0,2
BRDA:60,26,0,1
BRDA:63,27,0,1
BRDA:65,28,0,0
BRDA:69,29,0,1
BRDA:82,30,0,2
BRDA:85,31,0,1
BRDA:99,32,0,3
BRDA:101,33,0,1
BRDA:103,34,0,2
BRDA:106,35,0,2
BRDA:107,36,0,1
BRDA:107,37,0,1
BRF:38
BRH:35
end_of_record
TN:
SF:src\domain\calculations.ts
FN:11,toRate
FN:15,calculateTotalPacks
FN:19,calculateTotalSpots
FN:29,calculateBoxPriceCostCad
FN:51,calculateTotalCaseCost
FN:68,calculateNetFromGross
FN:86,calculateTotalRevenue
FN:94,calculateSoldPacksCount
FN:98,calculateSalesProgress
FN:104,calculateSalesStatus
FN:120,calculateProfitForListing
FN:134,calculatePriceForUnits
FN:151,calculateDefaultSellingPrices
FN:169,sortSalesByDateAsc
FN:173,calculateSparklineData
FN:189,calculateSparklineGradient
FN:205,calculateLotPerformanceSummary
FN:258,calculatePortfolioTotals
FN:260,rows.reduce.lotCount
FNF:19
FNH:19
FNDA:47,toRate
FNDA:8,calculateTotalPacks
FNDA:5,calculateTotalSpots
FNDA:18,calculateBoxPriceCostCad
FNDA:9,calculateTotalCaseCost
FNDA:22,calculateNetFromGross
FNDA:8,calculateTotalRevenue
FNDA:8,calculateSoldPacksCount
FNDA:1,calculateSalesProgress
FNDA:1,calculateSalesStatus
FNDA:1,calculateProfitForListing
FNDA:16,calculatePriceForUnits
FNDA:4,calculateDefaultSellingPrices
FNDA:2,sortSalesByDateAsc
FNDA:1,calculateSparklineData
FNDA:1,calculateSparklineGradient
FNDA:7,calculateLotPerformanceSummary
FNDA:3,calculatePortfolioTotals
FNDA:5,rows.reduce.lotCount
DA:1,1
DA:11,1
DA:12,47
DA:13,47
DA:15,1
DA:16,8
DA:17,8
DA:19,1
DA:20,5
DA:21,5
DA:22,5
DA:23,5
DA:24,5
DA:25,5
DA:26,4
DA:27,4
DA:29,1
DA:30,18
DA:31,18
DA:32,18
DA:33,18
DA:34,18
DA:35,18
DA:36,18
DA:37,18
DA:38,18
DA:39,14
DA:40,14
DA:42,18
DA:43,3
DA:44,3
DA:45,18
DA:46,1
DA:47,1
DA:48,0
DA:49,0
DA:51,1
DA:58,9
DA:59,9
DA:60,9
DA:61,9
DA:62,9
DA:63,9
DA:64,9
DA:65,9
DA:66,9
DA:68,1
DA:69,22
DA:70,22
DA:71,22
DA:72,22
DA:73,22
DA:74,22
DA:75,22
DA:76,22
DA:77,22
DA:78,22
DA:79,22
DA:80,22
DA:81,22
DA:83,22
DA:84,22
DA:86,1
DA:87,8
DA:88,9
DA:89,9
DA:90,9
DA:91,8
DA:92,8
DA:94,1
DA:95,8
DA:96,8
DA:98,1
DA:99,1
DA:100,1
DA:101,1
DA:102,1
DA:104,1
DA:105,1
DA:106,1
DA:108,1
DA:109,0
DA:110,0
DA:111,1
DA:112,0
DA:113,0
DA:114,1
DA:115,1
DA:116,1
DA:117,0
DA:118,0
DA:120,1
DA:121,1
DA:122,1
DA:123,1
DA:124,1
DA:125,1
DA:126,1
DA:127,1
DA:128,1
DA:129,1
DA:130,1
DA:131,1
DA:132,1
DA:134,1
DA:135,16
DA:136,16
DA:137,16
DA:138,16
DA:139,16
DA:140,16
DA:141,16
DA:142,16
DA:143,16
DA:144,16
DA:145,16
DA:147,16
DA:148,16
DA:149,16
DA:151,1
DA:159,4
DA:160,4
DA:161,4
DA:162,4
DA:163,4
DA:164,4
DA:165,4
DA:166,4
DA:167,4
DA:169,2
DA:170,2
DA:171,2
DA:173,1
DA:174,1
DA:175,1
DA:176,1
DA:178,1
DA:179,2
DA:180,2
DA:181,2
DA:182,2
DA:183,1
DA:185,1
DA:186,1
DA:187,1
DA:189,1
DA:190,1
DA:191,1
DA:193,1
DA:194,2
DA:195,2
DA:196,2
DA:197,1
DA:199,1
DA:200,1
DA:201,1
DA:202,0
DA:203,0
DA:205,1
DA:206,7
DA:207,7
DA:208,7
DA:209,7
DA:210,7
DA:211,7
DA:212,7
DA:213,7
DA:214,7
DA:215,7
DA:216,7
DA:217,7
DA:218,7
DA:219,7
DA:220,7
DA:221,7
DA:222,7
DA:223,7
DA:224,7
DA:225,7
DA:226,7
DA:227,7
DA:228,7
DA:229,7
DA:230,7
DA:231,7
DA:232,7
DA:233,7
DA:234,7
DA:235,7
DA:237,7
DA:238,7
DA:239,7
DA:240,6
DA:241,6
DA:242,7
DA:244,7
DA:245,7
DA:246,7
DA:247,7
DA:248,7
DA:249,7
DA:250,7
DA:251,7
DA:252,7
DA:253,7
DA:254,7
DA:255,7
DA:256,7
DA:258,1
DA:259,3
DA:260,3
DA:261,5
DA:262,5
DA:263,5
DA:264,5
DA:265,5
DA:266,5
DA:267,5
DA:268,3
DA:269,3
DA:270,3
DA:271,3
DA:272,3
DA:273,3
DA:274,3
DA:275,3
DA:276,3
DA:277,3
LF:228
LH:218
BRDA:11,0,0,47
BRDA:12,1,0,6
BRDA:15,2,0,8
BRDA:16,3,0,0
BRDA:16,4,0,0
BRDA:19,5,0,5
BRDA:23,6,0,1
BRDA:24,7,0,0
BRDA:25,8,0,4
BRDA:25,9,0,1
BRDA:25,10,0,4
BRDA:29,11,0,18
BRDA:36,12,0,6
BRDA:37,13,0,0
BRDA:38,14,0,14
BRDA:40,15,0,4
BRDA:42,16,0,3
BRDA:42,17,0,3
BRDA:44,18,0,1
BRDA:45,19,0,1
BRDA:46,20,0,0
BRDA:47,21,0,0
BRDA:51,22,0,9
BRDA:59,23,0,0
BRDA:60,24,0,0
BRDA:61,25,0,6
BRDA:63,26,0,3
BRDA:63,27,0,6
BRDA:64,28,0,2
BRDA:64,29,0,7
BRDA:68,30,0,22
BRDA:74,31,0,0
BRDA:76,32,0,0
BRDA:77,33,0,17
BRDA:86,34,0,8
BRDA:87,35,0,9
BRDA:88,36,0,0
BRDA:88,37,0,0
BRDA:89,38,0,7
BRDA:94,39,0,8
BRDA:95,40,0,9
BRDA:95,41,0,0
BRDA:98,42,0,1
BRDA:99,43,0,0
BRDA:100,44,0,0
BRDA:101,45,0,0
BRDA:104,46,0,1
BRDA:108,47,0,0
BRDA:111,48,0,0
BRDA:116,49,0,0
BRDA:120,50,0,1
BRDA:127,51,0,0
BRDA:128,52,0,0
BRDA:134,53,0,16
BRDA:140,54,0,1
BRDA:143,55,0,14
BRDA:145,56,0,0
BRDA:151,57,0,4
BRDA:160,58,0,0
BRDA:169,59,0,2
BRDA:170,60,0,2
BRDA:173,61,0,1
BRDA:178,62,0,2
BRDA:179,63,0,0
BRDA:179,64,0,0
BRDA:186,65,0,3
BRDA:189,66,0,1
BRDA:199,67,0,0
BRDA:200,68,0,0
BRDA:201,69,0,0
BRDA:193,70,0,2
BRDA:194,71,0,0
BRDA:194,72,0,0
BRDA:205,73,0,7
BRDA:235,74,0,5
BRDA:235,75,0,2
BRDA:239,76,0,2
BRDA:239,77,0,6
BRDA:258,78,0,3
BRDA:260,79,0,5
BRDA:262,80,0,2
BRDA:262,81,0,3
BRF:82
BRH:52
end_of_record
TN:
SF:src\types\app.ts
FN:1,(empty-report)
FNF:1
FNH:1
FNDA:1,(empty-report)
LF:0
LH:0
BRDA:1,0,0,1
BRF:1
BRH:1
end_of_record
